OpenJDK 64-Bit Server VM (25.111-b14) for linux-amd64 JRE (1.8.0_111-8u111-b14-2ubuntu0.16.10.2-b14), built on Oct 27 2016 14:16:18 by "buildd" with gcc 6.2.0 20161005
Memory: 4k page, physical 4046308k(2771236k free), swap 4193276k(4193276k free)
CommandLine flags: -XX:+DisableExplicitGC -XX:InitialHeapSize=1073741824 -XX:InitiatingHeapOccupancyPercent=35 -XX:+ManagementServer -XX:MaxGCPauseMillis=20 -XX:MaxHeapSize=1073741824 -XX:+PrintGC -XX:+PrintGCDateStamps -XX:+PrintGCDetails -XX:+PrintGCTimeStamps -XX:+UseCompressedClassPointers -XX:+UseCompressedOops -XX:+UseG1GC 
2016-12-19T13:25:27.707+0100: 1,837: [GC pause (G1 Evacuation Pause) (young), 0,0367741 secs]
   [Parallel Time: 26,1 ms, GC Workers: 1]
      [GC Worker Start (ms):  1836,7]
      [Ext Root Scanning (ms):  1,5]
      [Update RS (ms):  0,0]
         [Processed Buffers:  0]
      [Scan RS (ms):  0,0]
      [Code Root Scanning (ms):  0,3]
      [Object Copy (ms):  19,0]
      [Termination (ms):  0,0]
         [Termination Attempts:  1]
      [GC Worker Other (ms):  0,0]
      [GC Worker Total (ms):  20,8]
      [GC Worker End (ms):  1857,5]
   [Code Root Fixup: 0,1 ms]
   [Code Root Purge: 0,0 ms]
   [Clear CT: 0,0 ms]
   [Other: 10,6 ms]
      [Choose CSet: 0,0 ms]
      [Ref Proc: 10,4 ms]
      [Ref Enq: 0,0 ms]
      [Redirty Cards: 0,0 ms]
      [Humongous Register: 0,0 ms]
      [Humongous Reclaim: 0,0 ms]
      [Free CSet: 0,0 ms]
   [Eden: 51,0M(51,0M)->0,0B(44,0M) Survivors: 0,0B->7168,0K Heap: 179,0M(1024,0M)->136,1M(1024,0M)]
 [Times: user=0,01 sys=0,00, real=0,03 secs] 
2016-12-19T13:25:28.702+0100: 2,832: [GC pause (G1 Evacuation Pause) (young), 0,0095240 secs]
   [Parallel Time: 8,6 ms, GC Workers: 1]
      [GC Worker Start (ms):  2831,8]
      [Ext Root Scanning (ms):  1,4]
      [Update RS (ms):  0,0]
         [Processed Buffers:  1]
      [Scan RS (ms):  0,1]
      [Code Root Scanning (ms):  0,4]
      [Object Copy (ms):  6,6]
      [Termination (ms):  0,0]
         [Termination Attempts:  1]
      [GC Worker Other (ms):  0,0]
      [GC Worker Total (ms):  8,6]
      [GC Worker End (ms):  2840,4]
   [Code Root Fixup: 0,1 ms]
   [Code Root Purge: 0,0 ms]
   [Clear CT: 0,0 ms]
   [Other: 0,8 ms]
      [Choose CSet: 0,0 ms]
      [Ref Proc: 0,6 ms]
      [Ref Enq: 0,0 ms]
      [Redirty Cards: 0,0 ms]
      [Humongous Register: 0,0 ms]
      [Humongous Reclaim: 0,0 ms]
      [Free CSet: 0,0 ms]
   [Eden: 44,0M(44,0M)->0,0B(44,0M) Survivors: 7168,0K->7168,0K Heap: 180,1M(1024,0M)->137,4M(1024,0M)]
 [Times: user=0,01 sys=0,00, real=0,01 secs] 
2016-12-19T13:26:18.071+0100: 52,200: [GC pause (Metadata GC Threshold) (young) (initial-mark), 0,0333909 secs]
   [Parallel Time: 32,8 ms, GC Workers: 1]
      [GC Worker Start (ms):  52200,4]
      [Ext Root Scanning (ms):  9,5]
      [Update RS (ms):  0,1]
         [Processed Buffers:  1]
      [Scan RS (ms):  0,1]
      [Code Root Scanning (ms):  0,6]
      [Object Copy (ms):  18,6]
      [Termination (ms):  0,0]
         [Termination Attempts:  1]
      [GC Worker Other (ms):  0,0]
      [GC Worker Total (ms):  28,8]
      [GC Worker End (ms):  52229,2]
   [Code Root Fixup: 0,2 ms]
   [Code Root Purge: 0,0 ms]
   [Clear CT: 0,0 ms]
   [Other: 0,4 ms]
      [Choose CSet: 0,0 ms]
      [Ref Proc: 0,2 ms]
      [Ref Enq: 0,0 ms]
      [Redirty Cards: 0,0 ms]
      [Humongous Register: 0,0 ms]
      [Humongous Reclaim: 0,0 ms]
      [Free CSet: 0,0 ms]
   [Eden: 14,0M(44,0M)->0,0B(48,0M) Survivors: 7168,0K->3072,0K Heap: 151,1M(1024,0M)->136,5M(1024,0M)]
 [Times: user=0,02 sys=0,00, real=0,03 secs] 
2016-12-19T13:26:18.105+0100: 52,235: [GC concurrent-root-region-scan-start]
2016-12-19T13:26:18.107+0100: 52,237: [GC concurrent-root-region-scan-end, 0,0019659 secs]
2016-12-19T13:26:18.107+0100: 52,237: [GC concurrent-mark-start]
2016-12-19T13:26:18.123+0100: 52,253: [GC concurrent-mark-end, 0,0156885 secs]
2016-12-19T13:26:18.123+0100: 52,253: [GC remark 2016-12-19T13:26:18.123+0100: 52,253: [Finalize Marking, 0,0000554 secs] 2016-12-19T13:26:18.123+0100: 52,253: [GC ref-proc, 0,0000439 secs] 2016-12-19T13:26:18.123+0100: 52,253: [Unloading, 0,0038670 secs], 0,0049098 secs]
 [Times: user=0,00 sys=0,00, real=0,01 secs] 
2016-12-19T13:26:18.128+0100: 52,258: [GC cleanup 137M->135M(1024M), 0,0008572 secs]
 [Times: user=0,00 sys=0,00, real=0,00 secs] 
2016-12-19T13:26:18.129+0100: 52,259: [GC concurrent-cleanup-start]
2016-12-19T13:26:18.129+0100: 52,259: [GC concurrent-cleanup-end, 0,0000052 secs]
2016-12-19T13:26:20.594+0100: 54,724: [GC pause (G1 Evacuation Pause) (young), 0,0106918 secs]
   [Parallel Time: 10,3 ms, GC Workers: 1]
      [GC Worker Start (ms):  54723,8]
      [Ext Root Scanning (ms):  0,8]
      [Update RS (ms):  1,6]
         [Processed Buffers:  22]
      [Scan RS (ms):  0,1]
      [Code Root Scanning (ms):  0,3]
      [Object Copy (ms):  7,6]
      [Termination (ms):  0,0]
         [Termination Attempts:  1]
      [GC Worker Other (ms):  0,0]
      [GC Worker Total (ms):  10,3]
      [GC Worker End (ms):  54734,2]
   [Code Root Fixup: 0,1 ms]
   [Code Root Purge: 0,0 ms]
   [Clear CT: 0,0 ms]
   [Other: 0,2 ms]
      [Choose CSet: 0,0 ms]
      [Ref Proc: 0,1 ms]
      [Ref Enq: 0,0 ms]
      [Redirty Cards: 0,0 ms]
      [Humongous Register: 0,0 ms]
      [Humongous Reclaim: 0,0 ms]
      [Free CSet: 0,0 ms]
   [Eden: 48,0M(48,0M)->0,0B(48,0M) Survivors: 3072,0K->3072,0K Heap: 182,5M(1024,0M)->134,5M(1024,0M)]
 [Times: user=0,01 sys=0,00, real=0,00 secs] 
2016-12-19T13:26:21.367+0100: 55,497: [GC pause (G1 Evacuation Pause) (young), 0,0054886 secs]
   [Parallel Time: 5,2 ms, GC Workers: 1]
      [GC Worker Start (ms):  55496,8]
      [Ext Root Scanning (ms):  0,8]
      [Update RS (ms):  0,3]
         [Processed Buffers:  6]
      [Scan RS (ms):  0,0]
      [Code Root Scanning (ms):  0,4]
      [Object Copy (ms):  3,8]
      [Termination (ms):  0,0]
         [Termination Attempts:  1]
      [GC Worker Other (ms):  0,0]
      [GC Worker Total (ms):  5,2]
      [GC Worker End (ms):  55502,0]
   [Code Root Fixup: 0,1 ms]
   [Code Root Purge: 0,0 ms]
   [Clear CT: 0,0 ms]
   [Other: 0,2 ms]
      [Choose CSet: 0,0 ms]
      [Ref Proc: 0,0 ms]
      [Ref Enq: 0,0 ms]
      [Redirty Cards: 0,0 ms]
      [Humongous Register: 0,0 ms]
      [Humongous Reclaim: 0,0 ms]
      [Free CSet: 0,0 ms]
   [Eden: 48,0M(48,0M)->0,0B(49,0M) Survivors: 3072,0K->2048,0K Heap: 182,5M(1024,0M)->134,0M(1024,0M)]
 [Times: user=0,01 sys=0,00, real=0,00 secs] 
2016-12-19T13:31:30.651+0100: 364,781: [GC pause (G1 Evacuation Pause) (young), 0,0064365 secs]
   [Parallel Time: 6,0 ms, GC Workers: 1]
      [GC Worker Start (ms):  364780,7]
      [Ext Root Scanning (ms):  0,8]
      [Update RS (ms):  0,4]
         [Processed Buffers:  18]
      [Scan RS (ms):  0,0]
      [Code Root Scanning (ms):  0,5]
      [Object Copy (ms):  4,4]
      [Termination (ms):  0,0]
         [Termination Attempts:  1]
      [GC Worker Other (ms):  0,0]
      [GC Worker Total (ms):  6,0]
      [GC Worker End (ms):  364786,7]
   [Code Root Fixup: 0,1 ms]
   [Code Root Purge: 0,0 ms]
   [Clear CT: 0,0 ms]
   [Other: 0,3 ms]
      [Choose CSet: 0,0 ms]
      [Ref Proc: 0,1 ms]
      [Ref Enq: 0,0 ms]
      [Redirty Cards: 0,0 ms]
      [Humongous Register: 0,0 ms]
      [Humongous Reclaim: 0,0 ms]
      [Free CSet: 0,0 ms]
   [Eden: 49,0M(49,0M)->0,0B(47,0M) Survivors: 2048,0K->4096,0K Heap: 183,0M(1024,0M)->135,5M(1024,0M)]
 [Times: user=0,01 sys=0,00, real=0,01 secs] 
2016-12-19T13:35:06.562+0100: 580,691: [GC pause (G1 Evacuation Pause) (young), 0,0214432 secs]
   [Parallel Time: 20,7 ms, GC Workers: 1]
      [GC Worker Start (ms):  580691,4]
      [Ext Root Scanning (ms):  3,1]
      [Update RS (ms):  1,4]
         [Processed Buffers:  11]
      [Scan RS (ms):  0,0]
      [Code Root Scanning (ms):  2,0]
      [Object Copy (ms):  14,2]
      [Termination (ms):  0,0]
         [Termination Attempts:  1]
      [GC Worker Other (ms):  0,0]
      [GC Worker Total (ms):  20,7]
      [GC Worker End (ms):  580712,1]
   [Code Root Fixup: 0,3 ms]
   [Code Root Purge: 0,0 ms]
   [Clear CT: 0,0 ms]
   [Other: 0,4 ms]
      [Choose CSet: 0,0 ms]
      [Ref Proc: 0,1 ms]
      [Ref Enq: 0,0 ms]
      [Redirty Cards: 0,0 ms]
      [Humongous Register: 0,1 ms]
      [Humongous Reclaim: 0,0 ms]
      [Free CSet: 0,0 ms]
   [Eden: 47,0M(47,0M)->0,0B(47,0M) Survivors: 4096,0K->4096,0K Heap: 182,5M(1024,0M)->136,0M(1024,0M)]
 [Times: user=0,02 sys=0,00, real=0,02 secs] 
2016-12-19T13:38:47.825+0100: 801,955: [GC pause (G1 Evacuation Pause) (young), 0,0223177 secs]
   [Parallel Time: 21,6 ms, GC Workers: 1]
      [GC Worker Start (ms):  801955,0]
      [Ext Root Scanning (ms):  3,1]
      [Update RS (ms):  1,4]
         [Processed Buffers:  10]
      [Scan RS (ms):  0,0]
      [Code Root Scanning (ms):  2,0]
      [Object Copy (ms):  15,0]
      [Termination (ms):  0,0]
         [Termination Attempts:  1]
      [GC Worker Other (ms):  0,0]
      [GC Worker Total (ms):  21,6]
      [GC Worker End (ms):  801976,6]
   [Code Root Fixup: 0,3 ms]
   [Code Root Purge: 0,0 ms]
   [Clear CT: 0,0 ms]
   [Other: 0,4 ms]
      [Choose CSet: 0,0 ms]
      [Ref Proc: 0,1 ms]
      [Ref Enq: 0,0 ms]
      [Redirty Cards: 0,0 ms]
      [Humongous Register: 0,1 ms]
      [Humongous Reclaim: 0,0 ms]
      [Free CSet: 0,0 ms]
   [Eden: 47,0M(47,0M)->0,0B(47,0M) Survivors: 4096,0K->4096,0K Heap: 183,0M(1024,0M)->136,0M(1024,0M)]
 [Times: user=0,02 sys=0,00, real=0,03 secs] 
2016-12-19T13:42:35.740+0100: 1028,396: [GC pause (G1 Evacuation Pause) (young), 0,0182095 secs]
   [Parallel Time: 17,8 ms, GC Workers: 1]
      [GC Worker Start (ms):  1028396,4]
      [Ext Root Scanning (ms):  0,9]
      [Update RS (ms):  0,3]
         [Processed Buffers:  9]
      [Scan RS (ms):  0,0]
      [Code Root Scanning (ms):  0,5]
      [Object Copy (ms):  8,9]
      [Termination (ms):  0,0]
         [Termination Attempts:  1]
      [GC Worker Other (ms):  0,0]
      [GC Worker Total (ms):  10,6]
      [GC Worker End (ms):  1028407,0]
   [Code Root Fixup: 0,1 ms]
   [Code Root Purge: 0,0 ms]
   [Clear CT: 0,0 ms]
   [Other: 0,3 ms]
      [Choose CSet: 0,0 ms]
      [Ref Proc: 0,0 ms]
      [Ref Enq: 0,0 ms]
      [Redirty Cards: 0,0 ms]
      [Humongous Register: 0,0 ms]
      [Humongous Reclaim: 0,0 ms]
      [Free CSet: 0,0 ms]
   [Eden: 47,0M(47,0M)->0,0B(47,0M) Survivors: 4096,0K->4096,0K Heap: 183,0M(1024,0M)->136,0M(1024,0M)]
 [Times: user=0,01 sys=0,00, real=0,01 secs] 
2016-12-19T13:46:23.052+0100: 1255,708: [GC pause (G1 Evacuation Pause) (young), 0,0196970 secs]
   [Parallel Time: 13,0 ms, GC Workers: 1]
      [GC Worker Start (ms):  1255708,4]
      [Ext Root Scanning (ms):  0,8]
      [Update RS (ms):  0,3]
         [Processed Buffers:  8]
      [Scan RS (ms):  0,0]
      [Code Root Scanning (ms):  0,5]
      [Object Copy (ms):  10,7]
      [Termination (ms):  0,0]
         [Termination Attempts:  1]
      [GC Worker Other (ms):  0,0]
      [GC Worker Total (ms):  12,4]
      [GC Worker End (ms):  1255720,8]
   [Code Root Fixup: 0,1 ms]
   [Code Root Purge: 0,0 ms]
   [Clear CT: 0,0 ms]
   [Other: 6,6 ms]
      [Choose CSet: 0,0 ms]
      [Ref Proc: 6,4 ms]
      [Ref Enq: 0,0 ms]
      [Redirty Cards: 0,0 ms]
      [Humongous Register: 0,0 ms]
      [Humongous Reclaim: 0,0 ms]
      [Free CSet: 0,0 ms]
   [Eden: 47,0M(47,0M)->0,0B(47,0M) Survivors: 4096,0K->4096,0K Heap: 183,0M(1024,0M)->135,5M(1024,0M)]
 [Times: user=0,01 sys=0,00, real=0,02 secs] 
2016-12-19T13:46:40.940+0100: 1273,597: [GC pause (G1 Evacuation Pause) (young), 0,0334056 secs]
   [Parallel Time: 33,0 ms, GC Workers: 1]
      [GC Worker Start (ms):  1273596,7]
      [Ext Root Scanning (ms):  7,6]
      [Update RS (ms):  0,3]
         [Processed Buffers:  13]
      [Scan RS (ms):  0,0]
      [Code Root Scanning (ms):  0,7]
      [Object Copy (ms):  20,0]
      [Termination (ms):  0,0]
         [Termination Attempts:  1]
      [GC Worker Other (ms):  0,0]
      [GC Worker Total (ms):  28,6]
      [GC Worker End (ms):  1273625,3]
   [Code Root Fixup: 0,2 ms]
   [Code Root Purge: 0,0 ms]
   [Clear CT: 0,0 ms]
   [Other: 0,2 ms]
      [Choose CSet: 0,0 ms]
      [Ref Proc: 0,1 ms]
      [Ref Enq: 0,0 ms]
      [Redirty Cards: 0,0 ms]
      [Humongous Register: 0,0 ms]
      [Humongous Reclaim: 0,0 ms]
      [Free CSet: 0,0 ms]
   [Eden: 47,0M(47,0M)->0,0B(47,0M) Survivors: 4096,0K->4096,0K Heap: 182,5M(1024,0M)->136,0M(1024,0M)]
 [Times: user=0,00 sys=0,00, real=0,03 secs] 
2016-12-19T13:46:41.609+0100: 1274,265: [GC pause (G1 Evacuation Pause) (young), 0,0174806 secs]
   [Parallel Time: 17,0 ms, GC Workers: 1]
      [GC Worker Start (ms):  1274265,0]
      [Ext Root Scanning (ms):  4,4]
      [Update RS (ms):  0,4]
         [Processed Buffers:  8]
      [Scan RS (ms):  0,0]
      [Code Root Scanning (ms):  0,7]
      [Object Copy (ms):  7,6]
      [Termination (ms):  0,0]
         [Termination Attempts:  1]
      [GC Worker Other (ms):  0,0]
      [GC Worker Total (ms):  13,1]
      [GC Worker End (ms):  1274278,1]
   [Code Root Fixup: 0,2 ms]
   [Code Root Purge: 0,0 ms]
   [Clear CT: 0,0 ms]
   [Other: 0,2 ms]
      [Choose CSet: 0,0 ms]
      [Ref Proc: 0,0 ms]
      [Ref Enq: 0,0 ms]
      [Redirty Cards: 0,0 ms]
      [Humongous Register: 0,0 ms]
      [Humongous Reclaim: 0,0 ms]
      [Free CSet: 0,1 ms]
   [Eden: 47,0M(47,0M)->0,0B(46,0M) Survivors: 4096,0K->5120,0K Heap: 183,0M(1024,0M)->136,5M(1024,0M)]
 [Times: user=0,01 sys=0,00, real=0,01 secs] 
2016-12-19T13:46:42.188+0100: 1274,844: [GC pause (G1 Humongous Allocation) (young) (initial-mark), 0,0265644 secs]
   [Parallel Time: 26,0 ms, GC Workers: 1]
      [GC Worker Start (ms):  1274844,4]
      [Ext Root Scanning (ms):  1,0]
      [Update RS (ms):  0,4]
         [Processed Buffers:  21]
      [Scan RS (ms):  0,3]
      [Code Root Scanning (ms):  0,8]
      [Object Copy (ms):  23,5]
      [Termination (ms):  0,0]
         [Termination Attempts:  1]
      [GC Worker Other (ms):  0,0]
      [GC Worker Total (ms):  26,0]
      [GC Worker End (ms):  1274870,4]
   [Code Root Fixup: 0,2 ms]
   [Code Root Purge: 0,0 ms]
   [Clear CT: 0,0 ms]
   [Other: 0,4 ms]
      [Choose CSet: 0,0 ms]
      [Ref Proc: 0,0 ms]
      [Ref Enq: 0,0 ms]
      [Redirty Cards: 0,0 ms]
      [Humongous Register: 0,0 ms]
      [Humongous Reclaim: 0,1 ms]
      [Free CSet: 0,0 ms]
   [Eden: 5120,0K(46,0M)->0,0B(47,0M) Survivors: 5120,0K->4096,0K Heap: 326,3M(1024,0M)->136,4M(1024,0M)]
 [Times: user=0,01 sys=0,00, real=0,02 secs] 
2016-12-19T13:46:42.215+0100: 1274,871: [GC concurrent-root-region-scan-start]
2016-12-19T13:46:42.245+0100: 1274,902: [GC concurrent-root-region-scan-end, 0,0309117 secs]
2016-12-19T13:46:42.245+0100: 1274,902: [GC concurrent-mark-start]
2016-12-19T13:46:42.298+0100: 1274,954: [GC concurrent-mark-end, 0,0522526 secs]
2016-12-19T13:46:42.312+0100: 1274,968: [GC remark 2016-12-19T13:46:42.312+0100: 1274,968: [Finalize Marking, 0,0001653 secs] 2016-12-19T13:46:42.312+0100: 1274,968: [GC ref-proc, 0,0000853 secs] 2016-12-19T13:46:42.312+0100: 1274,968: [Unloading, 0,0193889 secs], 0,0278212 secs]
 [Times: user=0,00 sys=0,00, real=0,03 secs] 
2016-12-19T13:46:42.354+0100: 1275,010: [GC cleanup 177M->177M(1024M), 0,0009283 secs]
 [Times: user=0,00 sys=0,00, real=0,00 secs] 
2016-12-19T13:47:17.199+0100: 1309,855: [GC pause (G1 Evacuation Pause) (young), 0,0158028 secs]
   [Parallel Time: 15,2 ms, GC Workers: 1]
      [GC Worker Start (ms):  1309855,3]
      [Ext Root Scanning (ms):  0,9]
      [Update RS (ms):  2,0]
         [Processed Buffers:  79]
      [Scan RS (ms):  0,5]
      [Code Root Scanning (ms):  0,6]
      [Object Copy (ms):  8,5]
      [Termination (ms):  0,0]
         [Termination Attempts:  1]
      [GC Worker Other (ms):  0,0]
      [GC Worker Total (ms):  12,5]
      [GC Worker End (ms):  1309867,8]
   [Code Root Fixup: 0,2 ms]
   [Code Root Purge: 0,0 ms]
   [Clear CT: 0,0 ms]
   [Other: 0,4 ms]
      [Choose CSet: 0,0 ms]
      [Ref Proc: 0,1 ms]
      [Ref Enq: 0,0 ms]
      [Redirty Cards: 0,0 ms]
      [Humongous Register: 0,1 ms]
      [Humongous Reclaim: 0,0 ms]
      [Free CSet: 0,0 ms]
   [Eden: 47,0M(47,0M)->0,0B(47,0M) Survivors: 4096,0K->4096,0K Heap: 248,4M(1024,0M)->136,9M(1024,0M)]
 [Times: user=0,01 sys=0,00, real=0,02 secs] 
2016-12-19T13:47:20.827+0100: 1313,483: [GC pause (G1 Evacuation Pause) (young), 0,0117610 secs]
   [Parallel Time: 11,3 ms, GC Workers: 1]
      [GC Worker Start (ms):  1313482,9]
      [Ext Root Scanning (ms):  0,8]
      [Update RS (ms):  0,6]
         [Processed Buffers:  12]
      [Scan RS (ms):  0,0]
      [Code Root Scanning (ms):  0,6]
      [Object Copy (ms):  9,4]
      [Termination (ms):  0,0]
         [Termination Attempts:  1]
      [GC Worker Other (ms):  0,0]
      [GC Worker Total (ms):  11,3]
      [GC Worker End (ms):  1313494,3]
   [Code Root Fixup: 0,1 ms]
   [Code Root Purge: 0,0 ms]
   [Clear CT: 0,0 ms]
   [Other: 0,3 ms]
      [Choose CSet: 0,0 ms]
      [Ref Proc: 0,0 ms]
      [Ref Enq: 0,0 ms]
      [Redirty Cards: 0,0 ms]
      [Humongous Register: 0,0 ms]
      [Humongous Reclaim: 0,0 ms]
      [Free CSet: 0,1 ms]
   [Eden: 47,0M(47,0M)->0,0B(47,0M) Survivors: 4096,0K->4096,0K Heap: 183,9M(1024,0M)->136,9M(1024,0M)]
 [Times: user=0,01 sys=0,00, real=0,01 secs] 
2016-12-19T13:47:22.261+0100: 1314,918: [GC pause (G1 Evacuation Pause) (young), 0,0161672 secs]
   [Parallel Time: 15,8 ms, GC Workers: 1]
      [GC Worker Start (ms):  1314917,6]
      [Ext Root Scanning (ms):  0,8]
      [Update RS (ms):  0,5]
         [Processed Buffers:  11]
      [Scan RS (ms):  0,0]
      [Code Root Scanning (ms):  0,6]
      [Object Copy (ms):  4,1]
      [Termination (ms):  0,0]
         [Termination Attempts:  1]
      [GC Worker Other (ms):  0,0]
      [GC Worker Total (ms):  6,0]
      [GC Worker End (ms):  1314923,5]
   [Code Root Fixup: 0,2 ms]
   [Code Root Purge: 0,0 ms]
   [Clear CT: 0,0 ms]
   [Other: 0,2 ms]
      [Choose CSet: 0,0 ms]
      [Ref Proc: 0,0 ms]
      [Ref Enq: 0,0 ms]
      [Redirty Cards: 0,0 ms]
      [Humongous Register: 0,0 ms]
      [Humongous Reclaim: 0,0 ms]
      [Free CSet: 0,0 ms]
   [Eden: 47,0M(47,0M)->0,0B(47,0M) Survivors: 4096,0K->4096,0K Heap: 183,9M(1024,0M)->136,4M(1024,0M)]
 [Times: user=0,00 sys=0,00, real=0,01 secs] 
2016-12-19T13:47:23.528+0100: 1316,184: [GC pause (G1 Evacuation Pause) (young), 0,0203855 secs]
   [Parallel Time: 20,0 ms, GC Workers: 1]
      [GC Worker Start (ms):  1316184,1]
      [Ext Root Scanning (ms):  0,8]
      [Update RS (ms):  0,5]
         [Processed Buffers:  7]
      [Scan RS (ms):  0,0]
      [Code Root Scanning (ms):  0,5]
      [Object Copy (ms):  18,1]
      [Termination (ms):  0,0]
         [Termination Attempts:  1]
      [GC Worker Other (ms):  0,0]
      [GC Worker Total (ms):  20,0]
      [GC Worker End (ms):  1316204,1]
   [Code Root Fixup: 0,1 ms]
   [Code Root Purge: 0,0 ms]
   [Clear CT: 0,0 ms]
   [Other: 0,2 ms]
      [Choose CSet: 0,0 ms]
      [Ref Proc: 0,0 ms]
      [Ref Enq: 0,0 ms]
      [Redirty Cards: 0,0 ms]
      [Humongous Register: 0,0 ms]
      [Humongous Reclaim: 0,0 ms]
      [Free CSet: 0,0 ms]
   [Eden: 47,0M(47,0M)->0,0B(47,0M) Survivors: 4096,0K->4096,0K Heap: 183,4M(1024,0M)->136,4M(1024,0M)]
 [Times: user=0,01 sys=0,00, real=0,02 secs] 
2016-12-19T13:47:24.899+0100: 1317,555: [GC pause (G1 Evacuation Pause) (young), 0,0095773 secs]
   [Parallel Time: 9,2 ms, GC Workers: 1]
      [GC Worker Start (ms):  1317555,4]
      [Ext Root Scanning (ms):  0,8]
      [Update RS (ms):  0,5]
         [Processed Buffers:  11]
      [Scan RS (ms):  0,0]
      [Code Root Scanning (ms):  0,5]
      [Object Copy (ms):  7,3]
      [Termination (ms):  0,0]
         [Termination Attempts:  1]
      [GC Worker Other (ms):  0,0]
      [GC Worker Total (ms):  9,2]
      [GC Worker End (ms):  1317564,6]
   [Code Root Fixup: 0,1 ms]
   [Code Root Purge: 0,0 ms]
   [Clear CT: 0,0 ms]
   [Other: 0,2 ms]
      [Choose CSet: 0,0 ms]
      [Ref Proc: 0,0 ms]
      [Ref Enq: 0,0 ms]
      [Redirty Cards: 0,0 ms]
      [Humongous Register: 0,0 ms]
      [Humongous Reclaim: 0,0 ms]
      [Free CSet: 0,0 ms]
   [Eden: 47,0M(47,0M)->0,0B(47,0M) Survivors: 4096,0K->4096,0K Heap: 183,4M(1024,0M)->136,7M(1024,0M)]
 [Times: user=0,00 sys=0,00, real=0,02 secs] 
2016-12-19T13:47:26.205+0100: 1318,861: [GC pause (G1 Evacuation Pause) (young), 0,0100534 secs]
   [Parallel Time: 9,7 ms, GC Workers: 1]
      [GC Worker Start (ms):  1318861,3]
      [Ext Root Scanning (ms):  0,8]
      [Update RS (ms):  0,8]
         [Processed Buffers:  14]
      [Scan RS (ms):  0,0]
      [Code Root Scanning (ms):  0,5]
      [Object Copy (ms):  6,3]
      [Termination (ms):  0,0]
         [Termination Attempts:  1]
      [GC Worker Other (ms):  0,0]
      [GC Worker Total (ms):  8,4]
      [GC Worker End (ms):  1318869,6]
   [Code Root Fixup: 0,2 ms]
   [Code Root Purge: 0,0 ms]
   [Clear CT: 0,0 ms]
   [Other: 0,2 ms]
      [Choose CSet: 0,0 ms]
      [Ref Proc: 0,0 ms]
      [Ref Enq: 0,0 ms]
      [Redirty Cards: 0,0 ms]
      [Humongous Register: 0,0 ms]
      [Humongous Reclaim: 0,0 ms]
      [Free CSet: 0,0 ms]
   [Eden: 47,0M(47,0M)->0,0B(52,0M) Survivors: 4096,0K->3072,0K Heap: 183,7M(1024,0M)->136,6M(1024,0M)]
 [Times: user=0,00 sys=0,00, real=0,01 secs] 
2016-12-19T13:47:27.689+0100: 1320,345: [GC pause (G1 Evacuation Pause) (young), 0,0104931 secs]
   [Parallel Time: 10,2 ms, GC Workers: 1]
      [GC Worker Start (ms):  1320345,3]
      [Ext Root Scanning (ms):  0,9]
      [Update RS (ms):  0,9]
         [Processed Buffers:  12]
      [Scan RS (ms):  0,0]
      [Code Root Scanning (ms):  0,3]
      [Object Copy (ms):  8,0]
      [Termination (ms):  0,0]
         [Termination Attempts:  1]
      [GC Worker Other (ms):  0,0]
      [GC Worker Total (ms):  10,2]
      [GC Worker End (ms):  1320355,6]
   [Code Root Fixup: 0,1 ms]
   [Code Root Purge: 0,0 ms]
   [Clear CT: 0,0 ms]
   [Other: 0,2 ms]
      [Choose CSet: 0,0 ms]
      [Ref Proc: 0,0 ms]
      [Ref Enq: 0,0 ms]
      [Redirty Cards: 0,0 ms]
      [Humongous Register: 0,0 ms]
      [Humongous Reclaim: 0,0 ms]
      [Free CSet: 0,0 ms]
   [Eden: 52,0M(52,0M)->0,0B(167,0M) Survivors: 3072,0K->3072,0K Heap: 188,6M(1024,0M)->136,4M(1024,0M)]
 [Times: user=0,00 sys=0,00, real=0,00 secs] 
2016-12-19T13:52:56.781+0100: 1649,437: [GC pause (G1 Evacuation Pause) (young), 0,0141648 secs]
   [Parallel Time: 11,7 ms, GC Workers: 1]
      [GC Worker Start (ms):  1649437,2]
      [Ext Root Scanning (ms):  0,7]
      [Update RS (ms):  1,5]
         [Processed Buffers:  25]
      [Scan RS (ms):  0,0]
      [Code Root Scanning (ms):  0,3]
      [Object Copy (ms):  9,1]
      [Termination (ms):  0,0]
         [Termination Attempts:  1]
      [GC Worker Other (ms):  0,0]
      [GC Worker Total (ms):  11,7]
      [GC Worker End (ms):  1649448,9]
   [Code Root Fixup: 0,1 ms]
   [Code Root Purge: 0,0 ms]
   [Clear CT: 0,0 ms]
   [Other: 2,3 ms]
      [Choose CSet: 0,0 ms]
      [Ref Proc: 2,1 ms]
      [Ref Enq: 0,0 ms]
      [Redirty Cards: 0,0 ms]
      [Humongous Register: 0,0 ms]
      [Humongous Reclaim: 0,0 ms]
      [Free CSet: 0,1 ms]
   [Eden: 167,0M(167,0M)->0,0B(82,0M) Survivors: 3072,0K->3072,0K Heap: 303,4M(1024,0M)->137,2M(1024,0M)]
 [Times: user=0,01 sys=0,00, real=0,01 secs] 
2016-12-19T13:53:47.680+0100: 1700,336: [GC pause (G1 Evacuation Pause) (young), 0,0097956 secs]
   [Parallel Time: 9,5 ms, GC Workers: 1]
      [GC Worker Start (ms):  1700336,5]
      [Ext Root Scanning (ms):  0,8]
      [Update RS (ms):  1,2]
         [Processed Buffers:  23]
      [Scan RS (ms):  0,0]
      [Code Root Scanning (ms):  0,1]
      [Object Copy (ms):  7,3]
      [Termination (ms):  0,0]
         [Termination Attempts:  1]
      [GC Worker Other (ms):  0,0]
      [GC Worker Total (ms):  9,5]
      [GC Worker End (ms):  1700346,0]
   [Code Root Fixup: 0,0 ms]
   [Code Root Purge: 0,0 ms]
   [Clear CT: 0,0 ms]
   [Other: 0,2 ms]
      [Choose CSet: 0,0 ms]
      [Ref Proc: 0,0 ms]
      [Ref Enq: 0,0 ms]
      [Redirty Cards: 0,0 ms]
      [Humongous Register: 0,0 ms]
      [Humongous Reclaim: 0,0 ms]
      [Free CSet: 0,0 ms]
   [Eden: 82,0M(82,0M)->0,0B(225,0M) Survivors: 3072,0K->4096,0K Heap: 219,2M(1024,0M)->137,8M(1024,0M)]
 [Times: user=0,00 sys=0,00, real=0,01 secs] 
2016-12-19T13:53:53.915+0100: 1706,572: [GC pause (G1 Evacuation Pause) (young), 0,0113651 secs]
   [Parallel Time: 11,0 ms, GC Workers: 1]
      [GC Worker Start (ms):  1706571,7]
      [Ext Root Scanning (ms):  0,7]
      [Update RS (ms):  1,0]
         [Processed Buffers:  17]
      [Scan RS (ms):  0,1]
      [Code Root Scanning (ms):  0,1]
      [Object Copy (ms):  9,1]
      [Termination (ms):  0,0]
         [Termination Attempts:  1]
      [GC Worker Other (ms):  0,0]
      [GC Worker Total (ms):  11,0]
      [GC Worker End (ms):  1706582,7]
   [Code Root Fixup: 0,0 ms]
   [Code Root Purge: 0,0 ms]
   [Clear CT: 0,1 ms]
   [Other: 0,3 ms]
      [Choose CSet: 0,0 ms]
      [Ref Proc: 0,0 ms]
      [Ref Enq: 0,0 ms]
      [Redirty Cards: 0,0 ms]
      [Humongous Register: 0,0 ms]
      [Humongous Reclaim: 0,0 ms]
      [Free CSet: 0,1 ms]
   [Eden: 225,0M(225,0M)->0,0B(368,0M) Survivors: 4096,0K->4096,0K Heap: 362,8M(1024,0M)->137,8M(1024,0M)]
 [Times: user=0,01 sys=0,00, real=0,01 secs] 
2016-12-19T14:04:05.959+0100: 2318,615: [GC pause (G1 Evacuation Pause) (young), 0,0664840 secs]
   [Parallel Time: 61,9 ms, GC Workers: 1]
      [GC Worker Start (ms):  2318618,1]
      [Ext Root Scanning (ms):  4,3]
      [Update RS (ms):  4,7]
         [Processed Buffers:  38]
      [Scan RS (ms):  0,1]
      [Code Root Scanning (ms):  0,1]
      [Object Copy (ms):  49,8]
      [Termination (ms):  0,0]
         [Termination Attempts:  1]
      [GC Worker Other (ms):  0,0]
      [GC Worker Total (ms):  59,0]
      [GC Worker End (ms):  2318677,1]
   [Code Root Fixup: 0,0 ms]
   [Code Root Purge: 0,0 ms]
   [Clear CT: 0,1 ms]
   [Other: 4,5 ms]
      [Choose CSet: 0,0 ms]
      [Ref Proc: 4,2 ms]
      [Ref Enq: 0,0 ms]
      [Redirty Cards: 0,0 ms]
      [Humongous Register: 0,0 ms]
      [Humongous Reclaim: 0,0 ms]
      [Free CSet: 0,1 ms]
   [Eden: 368,0M(368,0M)->0,0B(46,0M) Survivors: 4096,0K->5120,0K Heap: 505,8M(1024,0M)->139,4M(1024,0M)]
 [Times: user=0,02 sys=0,00, real=0,07 secs] 
2016-12-19T14:05:14.109+0100: 2386,765: [GC pause (G1 Evacuation Pause) (young), 0,0147334 secs]
   [Parallel Time: 14,4 ms, GC Workers: 1]
      [GC Worker Start (ms):  2386765,4]
      [Ext Root Scanning (ms):  0,9]
      [Update RS (ms):  1,6]
         [Processed Buffers:  30]
      [Scan RS (ms):  0,0]
      [Code Root Scanning (ms):  0,2]
      [Object Copy (ms):  11,7]
      [Termination (ms):  0,0]
         [Termination Attempts:  1]
      [GC Worker Other (ms):  0,0]
      [GC Worker Total (ms):  14,4]
      [GC Worker End (ms):  2386779,7]
   [Code Root Fixup: 0,1 ms]
   [Code Root Purge: 0,0 ms]
   [Clear CT: 0,0 ms]
   [Other: 0,3 ms]
      [Choose CSet: 0,0 ms]
      [Ref Proc: 0,0 ms]
      [Ref Enq: 0,0 ms]
      [Redirty Cards: 0,0 ms]
      [Humongous Register: 0,0 ms]
      [Humongous Reclaim: 0,0 ms]
      [Free CSet: 0,0 ms]
   [Eden: 46,0M(46,0M)->0,0B(47,0M) Survivors: 5120,0K->4096,0K Heap: 185,4M(1024,0M)->139,8M(1024,0M)]
 [Times: user=0,01 sys=0,00, real=0,01 secs] 
2016-12-19T14:08:46.164+0100: 2598,820: [GC pause (G1 Evacuation Pause) (young), 0,0165008 secs]
   [Parallel Time: 16,2 ms, GC Workers: 1]
      [GC Worker Start (ms):  2598820,1]
      [Ext Root Scanning (ms):  0,7]
      [Update RS (ms):  3,7]
         [Processed Buffers:  38]
      [Scan RS (ms):  0,2]
      [Code Root Scanning (ms):  0,0]
      [Object Copy (ms):  8,3]
      [Termination (ms):  0,0]
         [Termination Attempts:  1]
      [GC Worker Other (ms):  0,0]
      [GC Worker Total (ms):  13,0]
      [GC Worker End (ms):  2598833,1]
   [Code Root Fixup: 0,0 ms]
   [Code Root Purge: 0,0 ms]
   [Clear CT: 0,0 ms]
   [Other: 0,3 ms]
      [Choose CSet: 0,0 ms]
      [Ref Proc: 0,0 ms]
      [Ref Enq: 0,0 ms]
      [Redirty Cards: 0,0 ms]
      [Humongous Register: 0,0 ms]
      [Humongous Reclaim: 0,1 ms]
      [Free CSet: 0,0 ms]
   [Eden: 47,0M(47,0M)->0,0B(47,0M) Survivors: 4096,0K->4096,0K Heap: 186,8M(1024,0M)->139,8M(1024,0M)]
 [Times: user=0,01 sys=0,00, real=0,02 secs] 
2016-12-19T14:12:19.861+0100: 2812,517: [GC pause (G1 Evacuation Pause) (young), 0,0078271 secs]
   [Parallel Time: 7,6 ms, GC Workers: 1]
      [GC Worker Start (ms):  2812517,1]
      [Ext Root Scanning (ms):  0,9]
      [Update RS (ms):  1,0]
         [Processed Buffers:  28]
      [Scan RS (ms):  0,0]
      [Code Root Scanning (ms):  0,0]
      [Object Copy (ms):  5,6]
      [Termination (ms):  0,0]
         [Termination Attempts:  1]
      [GC Worker Other (ms):  0,0]
      [GC Worker Total (ms):  7,5]
      [GC Worker End (ms):  2812524,6]
   [Code Root Fixup: 0,0 ms]
   [Code Root Purge: 0,0 ms]
   [Clear CT: 0,0 ms]
   [Other: 0,2 ms]
      [Choose CSet: 0,0 ms]
      [Ref Proc: 0,0 ms]
      [Ref Enq: 0,0 ms]
      [Redirty Cards: 0,0 ms]
      [Humongous Register: 0,0 ms]
      [Humongous Reclaim: 0,0 ms]
      [Free CSet: 0,0 ms]
   [Eden: 47,0M(47,0M)->0,0B(47,0M) Survivors: 4096,0K->4096,0K Heap: 186,8M(1024,0M)->139,8M(1024,0M)]
 [Times: user=0,01 sys=0,00, real=0,01 secs] 
2016-12-19T14:14:56.072+0100: 2968,728: [GC pause (G1 Evacuation Pause) (young), 0,0199597 secs]
   [Parallel Time: 19,7 ms, GC Workers: 1]
      [GC Worker Start (ms):  2968728,4]
      [Ext Root Scanning (ms):  0,7]
      [Update RS (ms):  1,0]
         [Processed Buffers:  35]
      [Scan RS (ms):  0,0]
      [Code Root Scanning (ms):  0,0]
      [Object Copy (ms):  18,0]
      [Termination (ms):  0,0]
         [Termination Attempts:  1]
      [GC Worker Other (ms):  0,0]
      [GC Worker Total (ms):  19,7]
      [GC Worker End (ms):  2968748,1]
   [Code Root Fixup: 0,0 ms]
   [Code Root Purge: 0,0 ms]
   [Clear CT: 0,0 ms]
   [Other: 0,2 ms]
      [Choose CSet: 0,0 ms]
      [Ref Proc: 0,0 ms]
      [Ref Enq: 0,0 ms]
      [Redirty Cards: 0,0 ms]
      [Humongous Register: 0,0 ms]
      [Humongous Reclaim: 0,0 ms]
      [Free CSet: 0,0 ms]
   [Eden: 47,0M(47,0M)->0,0B(47,0M) Survivors: 4096,0K->4096,0K Heap: 186,8M(1024,0M)->139,8M(1024,0M)]
 [Times: user=0,01 sys=0,00, real=0,02 secs] 
2016-12-19T14:14:59.686+0100: 2972,342: [GC pause (G1 Evacuation Pause) (young), 0,0759283 secs]
   [Parallel Time: 75,7 ms, GC Workers: 1]
      [GC Worker Start (ms):  2972342,0]
      [Ext Root Scanning (ms):  0,7]
      [Update RS (ms):  1,0]
         [Processed Buffers:  29]
      [Scan RS (ms):  0,0]
      [Code Root Scanning (ms):  0,0]
      [Object Copy (ms):  50,6]
      [Termination (ms):  0,0]
         [Termination Attempts:  1]
      [GC Worker Other (ms):  0,0]
      [GC Worker Total (ms):  52,2]
      [GC Worker End (ms):  2972394,2]
   [Code Root Fixup: 0,0 ms]
   [Code Root Purge: 0,0 ms]
   [Clear CT: 0,0 ms]
   [Other: 0,2 ms]
      [Choose CSet: 0,0 ms]
      [Ref Proc: 0,0 ms]
      [Ref Enq: 0,0 ms]
      [Redirty Cards: 0,0 ms]
      [Humongous Register: 0,0 ms]
      [Humongous Reclaim: 0,0 ms]
      [Free CSet: 0,0 ms]
   [Eden: 47,0M(47,0M)->0,0B(46,0M) Survivors: 4096,0K->5120,0K Heap: 186,8M(1024,0M)->140,3M(1024,0M)]
 [Times: user=0,02 sys=0,00, real=0,08 secs] 
2016-12-19T14:15:01.832+0100: 2974,489: [GC pause (G1 Evacuation Pause) (young), 0,0478438 secs]
   [Parallel Time: 47,6 ms, GC Workers: 1]
      [GC Worker Start (ms):  2974488,9]
      [Ext Root Scanning (ms):  0,7]
      [Update RS (ms):  0,9]
         [Processed Buffers:  21]
      [Scan RS (ms):  0,0]
      [Code Root Scanning (ms):  0,0]
      [Object Copy (ms):  46,0]
      [Termination (ms):  0,0]
         [Termination Attempts:  1]
      [GC Worker Other (ms):  0,0]
      [GC Worker Total (ms):  47,6]
      [GC Worker End (ms):  2974536,5]
   [Code Root Fixup: 0,0 ms]
   [Code Root Purge: 0,0 ms]
   [Clear CT: 0,0 ms]
   [Other: 0,2 ms]
      [Choose CSet: 0,0 ms]
      [Ref Proc: 0,0 ms]
      [Ref Enq: 0,0 ms]
      [Redirty Cards: 0,0 ms]
      [Humongous Register: 0,0 ms]
      [Humongous Reclaim: 0,0 ms]
      [Free CSet: 0,0 ms]
   [Eden: 46,0M(46,0M)->0,0B(47,0M) Survivors: 5120,0K->4096,0K Heap: 186,3M(1024,0M)->140,1M(1024,0M)]
 [Times: user=0,01 sys=0,00, real=0,05 secs] 
2016-12-19T14:17:42.229+0100: 3134,885: [GC pause (G1 Evacuation Pause) (young), 0,0094555 secs]
   [Parallel Time: 9,1 ms, GC Workers: 1]
      [GC Worker Start (ms):  3134885,3]
      [Ext Root Scanning (ms):  0,6]
      [Update RS (ms):  1,4]
         [Processed Buffers:  36]
      [Scan RS (ms):  0,0]
      [Code Root Scanning (ms):  0,0]
      [Object Copy (ms):  7,1]
      [Termination (ms):  0,0]
         [Termination Attempts:  1]
      [GC Worker Other (ms):  0,0]
      [GC Worker Total (ms):  9,1]
      [GC Worker End (ms):  3134894,5]
   [Code Root Fixup: 0,0 ms]
   [Code Root Purge: 0,0 ms]
   [Clear CT: 0,0 ms]
   [Other: 0,3 ms]
      [Choose CSet: 0,0 ms]
      [Ref Proc: 0,0 ms]
      [Ref Enq: 0,0 ms]
      [Redirty Cards: 0,0 ms]
      [Humongous Register: 0,0 ms]
      [Humongous Reclaim: 0,0 ms]
      [Free CSet: 0,0 ms]
   [Eden: 47,0M(47,0M)->0,0B(48,0M) Survivors: 4096,0K->3072,0K Heap: 187,1M(1024,0M)->141,2M(1024,0M)]
 [Times: user=0,01 sys=0,00, real=0,00 secs] 
2016-12-19T14:20:44.428+0100: 3317,084: [GC pause (G1 Evacuation Pause) (young), 0,0135258 secs]
   [Parallel Time: 11,1 ms, GC Workers: 1]
      [GC Worker Start (ms):  3317084,1]
      [Ext Root Scanning (ms):  0,7]
      [Update RS (ms):  2,6]
         [Processed Buffers:  42]
      [Scan RS (ms):  0,0]
      [Code Root Scanning (ms):  0,0]
      [Object Copy (ms):  7,7]
      [Termination (ms):  0,0]
         [Termination Attempts:  1]
      [GC Worker Other (ms):  0,0]
      [GC Worker Total (ms):  11,1]
      [GC Worker End (ms):  3317095,2]
   [Code Root Fixup: 0,0 ms]
   [Code Root Purge: 0,0 ms]
   [Clear CT: 2,2 ms]
   [Other: 0,2 ms]
      [Choose CSet: 0,0 ms]
      [Ref Proc: 0,0 ms]
      [Ref Enq: 0,0 ms]
      [Redirty Cards: 0,0 ms]
      [Humongous Register: 0,0 ms]
      [Humongous Reclaim: 0,0 ms]
      [Free CSet: 0,0 ms]
   [Eden: 48,0M(48,0M)->0,0B(48,0M) Survivors: 3072,0K->3072,0K Heap: 189,2M(1024,0M)->141,2M(1024,0M)]
 [Times: user=0,01 sys=0,00, real=0,01 secs] 
2016-12-19T14:23:43.859+0100: 3496,515: [GC pause (G1 Evacuation Pause) (young), 0,0057313 secs]
   [Parallel Time: 5,5 ms, GC Workers: 1]
      [GC Worker Start (ms):  3496515,5]
      [Ext Root Scanning (ms):  0,7]
      [Update RS (ms):  0,7]
         [Processed Buffers:  35]
      [Scan RS (ms):  0,0]
      [Code Root Scanning (ms):  0,0]
      [Object Copy (ms):  4,0]
      [Termination (ms):  0,0]
         [Termination Attempts:  1]
      [GC Worker Other (ms):  0,0]
      [GC Worker Total (ms):  5,5]
      [GC Worker End (ms):  3496520,9]
   [Code Root Fixup: 0,0 ms]
   [Code Root Purge: 0,0 ms]
   [Clear CT: 0,0 ms]
   [Other: 0,2 ms]
      [Choose CSet: 0,0 ms]
      [Ref Proc: 0,0 ms]
      [Ref Enq: 0,0 ms]
      [Redirty Cards: 0,0 ms]
      [Humongous Register: 0,0 ms]
      [Humongous Reclaim: 0,0 ms]
      [Free CSet: 0,0 ms]
   [Eden: 48,0M(48,0M)->0,0B(48,0M) Survivors: 3072,0K->3072,0K Heap: 189,2M(1024,0M)->141,2M(1024,0M)]
 [Times: user=0,01 sys=0,00, real=0,01 secs] 
2016-12-19T14:26:39.811+0100: 3672,468: [GC pause (G1 Evacuation Pause) (young), 0,0114547 secs]
   [Parallel Time: 11,1 ms, GC Workers: 1]
      [GC Worker Start (ms):  3672467,7]
      [Ext Root Scanning (ms):  0,8]
      [Update RS (ms):  1,1]
         [Processed Buffers:  35]
      [Scan RS (ms):  0,0]
      [Code Root Scanning (ms):  0,0]
      [Object Copy (ms):  9,2]
      [Termination (ms):  0,0]
         [Termination Attempts:  1]
      [GC Worker Other (ms):  0,0]
      [GC Worker Total (ms):  11,1]
      [GC Worker End (ms):  3672478,8]
   [Code Root Fixup: 0,1 ms]
   [Code Root Purge: 0,0 ms]
   [Clear CT: 0,0 ms]
   [Other: 0,2 ms]
      [Choose CSet: 0,0 ms]
      [Ref Proc: 0,1 ms]
      [Ref Enq: 0,0 ms]
      [Redirty Cards: 0,0 ms]
      [Humongous Register: 0,0 ms]
      [Humongous Reclaim: 0,0 ms]
      [Free CSet: 0,0 ms]
   [Eden: 48,0M(48,0M)->0,0B(47,0M) Survivors: 3072,0K->4096,0K Heap: 189,2M(1024,0M)->141,7M(1024,0M)]
 [Times: user=0,01 sys=0,00, real=0,01 secs] 
2016-12-19T14:29:53.168+0100: 3865,824: [GC pause (G1 Evacuation Pause) (young), 0,0084189 secs]
   [Parallel Time: 8,1 ms, GC Workers: 1]
      [GC Worker Start (ms):  3865824,1]
      [Ext Root Scanning (ms):  0,8]
      [Update RS (ms):  1,2]
         [Processed Buffers:  33]
      [Scan RS (ms):  0,0]
      [Code Root Scanning (ms):  0,0]
      [Object Copy (ms):  6,0]
      [Termination (ms):  0,0]
         [Termination Attempts:  1]
      [GC Worker Other (ms):  0,0]
      [GC Worker Total (ms):  8,1]
      [GC Worker End (ms):  3865832,2]
   [Code Root Fixup: 0,0 ms]
   [Code Root Purge: 0,0 ms]
   [Clear CT: 0,0 ms]
   [Other: 0,3 ms]
      [Choose CSet: 0,0 ms]
      [Ref Proc: 0,0 ms]
      [Ref Enq: 0,0 ms]
      [Redirty Cards: 0,0 ms]
      [Humongous Register: 0,0 ms]
      [Humongous Reclaim: 0,0 ms]
      [Free CSet: 0,1 ms]
   [Eden: 47,0M(47,0M)->0,0B(77,0M) Survivors: 4096,0K->4096,0K Heap: 188,7M(1024,0M)->141,7M(1024,0M)]
 [Times: user=0,01 sys=0,00, real=0,00 secs] 
2016-12-19T14:33:02.267+0100: 4054,924: [GC pause (G1 Evacuation Pause) (young), 0,0107741 secs]
   [Parallel Time: 10,5 ms, GC Workers: 1]
      [GC Worker Start (ms):  4054923,7]
      [Ext Root Scanning (ms):  0,8]
      [Update RS (ms):  1,0]
         [Processed Buffers:  32]
      [Scan RS (ms):  0,0]
      [Code Root Scanning (ms):  0,0]
      [Object Copy (ms):  8,6]
      [Termination (ms):  0,0]
         [Termination Attempts:  1]
      [GC Worker Other (ms):  0,0]
      [GC Worker Total (ms):  10,5]
      [GC Worker End (ms):  4054934,2]
   [Code Root Fixup: 0,0 ms]
   [Code Root Purge: 0,0 ms]
   [Clear CT: 0,0 ms]
   [Other: 0,3 ms]
      [Choose CSet: 0,0 ms]
      [Ref Proc: 0,0 ms]
      [Ref Enq: 0,0 ms]
      [Redirty Cards: 0,0 ms]
      [Humongous Register: 0,0 ms]
      [Humongous Reclaim: 0,1 ms]
      [Free CSet: 0,0 ms]
   [Eden: 77,0M(77,0M)->0,0B(165,0M) Survivors: 4096,0K->4096,0K Heap: 218,7M(1024,0M)->141,7M(1024,0M)]
 [Times: user=0,00 sys=0,00, real=0,01 secs] 
2016-12-19T14:33:07.787+0100: 4060,443: [GC pause (G1 Evacuation Pause) (young), 0,0107967 secs]
   [Parallel Time: 10,5 ms, GC Workers: 1]
      [GC Worker Start (ms):  4060443,1]
      [Ext Root Scanning (ms):  0,7]
      [Update RS (ms):  0,9]
         [Processed Buffers:  26]
      [Scan RS (ms):  0,0]
      [Code Root Scanning (ms):  0,0]
      [Object Copy (ms):  6,1]
      [Termination (ms):  0,0]
         [Termination Attempts:  1]
      [GC Worker Other (ms):  0,0]
      [GC Worker Total (ms):  7,7]
      [GC Worker End (ms):  4060450,8]
   [Code Root Fixup: 0,0 ms]
   [Code Root Purge: 0,0 ms]
   [Clear CT: 0,0 ms]
   [Other: 0,2 ms]
      [Choose CSet: 0,0 ms]
      [Ref Proc: 0,0 ms]
      [Ref Enq: 0,0 ms]
      [Redirty Cards: 0,0 ms]
      [Humongous Register: 0,0 ms]
      [Humongous Reclaim: 0,0 ms]
      [Free CSet: 0,0 ms]
   [Eden: 165,0M(165,0M)->0,0B(280,0M) Survivors: 4096,0K->4096,0K Heap: 306,7M(1024,0M)->141,7M(1024,0M)]
 [Times: user=0,00 sys=0,00, real=0,01 secs] 
2016-12-19T14:33:15.513+0100: 4068,169: [GC pause (G1 Evacuation Pause) (young), 0,0169688 secs]
   [Parallel Time: 16,7 ms, GC Workers: 1]
      [GC Worker Start (ms):  4068169,0]
      [Ext Root Scanning (ms):  0,7]
      [Update RS (ms):  0,8]
         [Processed Buffers:  30]
      [Scan RS (ms):  0,1]
      [Code Root Scanning (ms):  0,1]
      [Object Copy (ms):  7,6]
      [Termination (ms):  0,0]
         [Termination Attempts:  1]
      [GC Worker Other (ms):  0,0]
      [GC Worker Total (ms):  9,2]
      [GC Worker End (ms):  4068178,3]
   [Code Root Fixup: 0,0 ms]
   [Code Root Purge: 0,0 ms]
   [Clear CT: 0,1 ms]
   [Other: 0,2 ms]
      [Choose CSet: 0,0 ms]
      [Ref Proc: 0,0 ms]
      [Ref Enq: 0,0 ms]
      [Redirty Cards: 0,0 ms]
      [Humongous Register: 0,0 ms]
      [Humongous Reclaim: 0,0 ms]
      [Free CSet: 0,1 ms]
   [Eden: 280,0M(280,0M)->0,0B(283,0M) Survivors: 4096,0K->4096,0K Heap: 421,7M(1024,0M)->141,7M(1024,0M)]
 [Times: user=0,00 sys=0,00, real=0,02 secs] 
2016-12-19T14:33:21.924+0100: 4074,581: [GC pause (G1 Evacuation Pause) (young), 0,0067703 secs]
   [Parallel Time: 6,5 ms, GC Workers: 1]
      [GC Worker Start (ms):  4074580,8]
      [Ext Root Scanning (ms):  0,7]
      [Update RS (ms):  1,0]
         [Processed Buffers:  29]
      [Scan RS (ms):  0,1]
      [Code Root Scanning (ms):  0,0]
      [Object Copy (ms):  4,6]
      [Termination (ms):  0,0]
         [Termination Attempts:  1]
      [GC Worker Other (ms):  0,0]
      [GC Worker Total (ms):  6,5]
      [GC Worker End (ms):  4074587,3]
   [Code Root Fixup: 0,0 ms]
   [Code Root Purge: 0,0 ms]
   [Clear CT: 0,1 ms]
   [Other: 0,2 ms]
      [Choose CSet: 0,0 ms]
      [Ref Proc: 0,0 ms]
      [Ref Enq: 0,0 ms]
      [Redirty Cards: 0,0 ms]
      [Humongous Register: 0,0 ms]
      [Humongous Reclaim: 0,0 ms]
      [Free CSet: 0,1 ms]
   [Eden: 283,0M(283,0M)->0,0B(584,0M) Survivors: 4096,0K->4096,0K Heap: 424,7M(1024,0M)->141,7M(1024,0M)]
 [Times: user=0,00 sys=0,00, real=0,01 secs] 
2016-12-19T14:50:37.306+0100: 5109,962: [GC pause (G1 Evacuation Pause) (young), 0,0195516 secs]
   [Parallel Time: 19,0 ms, GC Workers: 1]
      [GC Worker Start (ms):  5109962,5]
      [Ext Root Scanning (ms):  0,7]
      [Update RS (ms):  0,9]
         [Processed Buffers:  37]
      [Scan RS (ms):  0,1]
      [Code Root Scanning (ms):  0,0]
      [Object Copy (ms):  17,1]
      [Termination (ms):  0,0]
         [Termination Attempts:  1]
      [GC Worker Other (ms):  0,0]
      [GC Worker Total (ms):  19,0]
      [GC Worker End (ms):  5109981,4]
   [Code Root Fixup: 0,0 ms]
   [Code Root Purge: 0,0 ms]
   [Clear CT: 0,2 ms]
   [Other: 0,4 ms]
      [Choose CSet: 0,0 ms]
      [Ref Proc: 0,1 ms]
      [Ref Enq: 0,0 ms]
      [Redirty Cards: 0,0 ms]
      [Humongous Register: 0,0 ms]
      [Humongous Reclaim: 0,0 ms]
      [Free CSet: 0,2 ms]
   [Eden: 584,0M(584,0M)->0,0B(358,0M) Survivors: 4096,0K->4096,0K Heap: 725,7M(1024,0M)->142,0M(1024,0M)]
 [Times: user=0,00 sys=0,00, real=0,02 secs] 
2016-12-19T14:50:46.467+0100: 5119,123: [GC pause (G1 Evacuation Pause) (young), 0,0135085 secs]
   [Parallel Time: 11,6 ms, GC Workers: 1]
      [GC Worker Start (ms):  5119123,5]
      [Ext Root Scanning (ms):  0,8]
      [Update RS (ms):  1,3]
         [Processed Buffers:  32]
      [Scan RS (ms):  0,1]
      [Code Root Scanning (ms):  0,0]
      [Object Copy (ms):  9,3]
      [Termination (ms):  0,0]
         [Termination Attempts:  1]
      [GC Worker Other (ms):  0,0]
      [GC Worker Total (ms):  11,6]
      [GC Worker End (ms):  5119135,1]
   [Code Root Fixup: 0,0 ms]
   [Code Root Purge: 0,0 ms]
   [Clear CT: 0,1 ms]
   [Other: 1,8 ms]
      [Choose CSet: 0,0 ms]
      [Ref Proc: 1,5 ms]
      [Ref Enq: 0,0 ms]
      [Redirty Cards: 0,0 ms]
      [Humongous Register: 0,0 ms]
      [Humongous Reclaim: 0,0 ms]
      [Free CSet: 0,1 ms]
   [Eden: 358,0M(358,0M)->0,0B(508,0M) Survivors: 4096,0K->3072,0K Heap: 500,0M(1024,0M)->141,5M(1024,0M)]
 [Times: user=0,01 sys=0,00, real=0,02 secs] 
2016-12-19T14:50:56.284+0100: 5128,940: [GC pause (G1 Evacuation Pause) (young), 0,0061845 secs]
   [Parallel Time: 5,8 ms, GC Workers: 1]
      [GC Worker Start (ms):  5128939,9]
      [Ext Root Scanning (ms):  0,7]
      [Update RS (ms):  0,9]
         [Processed Buffers:  30]
      [Scan RS (ms):  0,1]
      [Code Root Scanning (ms):  0,0]
      [Object Copy (ms):  4,0]
      [Termination (ms):  0,0]
         [Termination Attempts:  1]
      [GC Worker Other (ms):  0,0]
      [GC Worker Total (ms):  5,7]
      [GC Worker End (ms):  5128945,7]
   [Code Root Fixup: 0,0 ms]
   [Code Root Purge: 0,0 ms]
   [Clear CT: 0,1 ms]
   [Other: 0,3 ms]
      [Choose CSet: 0,0 ms]
      [Ref Proc: 0,1 ms]
      [Ref Enq: 0,0 ms]
      [Redirty Cards: 0,0 ms]
      [Humongous Register: 0,0 ms]
      [Humongous Reclaim: 0,0 ms]
      [Free CSet: 0,1 ms]
   [Eden: 508,0M(508,0M)->0,0B(611,0M) Survivors: 3072,0K->3072,0K Heap: 649,5M(1024,0M)->141,5M(1024,0M)]
 [Times: user=0,00 sys=0,00, real=0,01 secs] 
2016-12-19T14:56:36.613+0100: 5469,269: [GC pause (G1 Evacuation Pause) (young), 0,0116371 secs]
   [Parallel Time: 10,3 ms, GC Workers: 1]
      [GC Worker Start (ms):  5469269,5]
      [Ext Root Scanning (ms):  0,6]
      [Update RS (ms):  0,8]
         [Processed Buffers:  32]
      [Scan RS (ms):  0,2]
      [Code Root Scanning (ms):  0,0]
      [Object Copy (ms):  8,6]
      [Termination (ms):  0,0]
         [Termination Attempts:  1]
      [GC Worker Other (ms):  0,0]
      [GC Worker Total (ms):  10,3]
      [GC Worker End (ms):  5469279,7]
   [Code Root Fixup: 0,0 ms]
   [Code Root Purge: 0,0 ms]
   [Clear CT: 0,5 ms]
   [Other: 0,9 ms]
      [Choose CSet: 0,0 ms]
      [Ref Proc: 0,0 ms]
      [Ref Enq: 0,0 ms]
      [Redirty Cards: 0,0 ms]
      [Humongous Register: 0,0 ms]
      [Humongous Reclaim: 0,0 ms]
      [Free CSet: 0,7 ms]
   [Eden: 611,0M(611,0M)->0,0B(611,0M) Survivors: 3072,0K->3072,0K Heap: 752,5M(1024,0M)->141,6M(1024,0M)]
 [Times: user=0,01 sys=0,00, real=0,01 secs] 
2016-12-19T14:57:07.712+0100: 5500,368: [GC pause (G1 Evacuation Pause) (young), 0,0077531 secs]
   [Parallel Time: 7,3 ms, GC Workers: 1]
      [GC Worker Start (ms):  5500368,4]
      [Ext Root Scanning (ms):  0,7]
      [Update RS (ms):  1,0]
         [Processed Buffers:  37]
      [Scan RS (ms):  0,2]
      [Code Root Scanning (ms):  0,0]
      [Object Copy (ms):  5,3]
      [Termination (ms):  0,0]
         [Termination Attempts:  1]
      [GC Worker Other (ms):  0,0]
      [GC Worker Total (ms):  7,3]
      [GC Worker End (ms):  5500375,6]
   [Code Root Fixup: 0,0 ms]
   [Code Root Purge: 0,0 ms]
   [Clear CT: 0,1 ms]
   [Other: 0,3 ms]
      [Choose CSet: 0,0 ms]
      [Ref Proc: 0,0 ms]
      [Ref Enq: 0,0 ms]
      [Redirty Cards: 0,0 ms]
      [Humongous Register: 0,0 ms]
      [Humongous Reclaim: 0,0 ms]
      [Free CSet: 0,2 ms]
   [Eden: 611,0M(611,0M)->0,0B(611,0M) Survivors: 3072,0K->3072,0K Heap: 752,6M(1024,0M)->142,1M(1024,0M)]
 [Times: user=0,01 sys=0,00, real=0,01 secs] 
2016-12-19T14:57:18.410+0100: 5511,066: [GC pause (G1 Evacuation Pause) (young), 0,0071576 secs]
   [Parallel Time: 6,7 ms, GC Workers: 1]
      [GC Worker Start (ms):  5511066,1]
      [Ext Root Scanning (ms):  0,7]
      [Update RS (ms):  1,5]
         [Processed Buffers:  34]
      [Scan RS (ms):  0,2]
      [Code Root Scanning (ms):  0,0]
      [Object Copy (ms):  4,3]
      [Termination (ms):  0,0]
         [Termination Attempts:  1]
      [GC Worker Other (ms):  0,0]
      [GC Worker Total (ms):  6,7]
      [GC Worker End (ms):  5511072,8]
   [Code Root Fixup: 0,0 ms]
   [Code Root Purge: 0,0 ms]
   [Clear CT: 0,1 ms]
   [Other: 0,3 ms]
      [Choose CSet: 0,0 ms]
      [Ref Proc: 0,0 ms]
      [Ref Enq: 0,0 ms]
      [Redirty Cards: 0,0 ms]
      [Humongous Register: 0,0 ms]
      [Humongous Reclaim: 0,0 ms]
      [Free CSet: 0,1 ms]
   [Eden: 611,0M(611,0M)->0,0B(611,0M) Survivors: 3072,0K->3072,0K Heap: 753,1M(1024,0M)->142,3M(1024,0M)]
 [Times: user=0,01 sys=0,00, real=0,00 secs] 
