[2017-01-05 17:03:56,822] INFO [Group Metadata Manager on Broker 0]: Removed 0 expired offsets in 0 milliseconds. (kafka.coordinator.GroupMetadataManager)
[2017-01-05 17:13:56,823] INFO [Group Metadata Manager on Broker 0]: Removed 0 expired offsets in 0 milliseconds. (kafka.coordinator.GroupMetadataManager)
[2017-01-05 17:23:56,822] INFO [Group Metadata Manager on Broker 0]: Removed 0 expired offsets in 0 milliseconds. (kafka.coordinator.GroupMetadataManager)
[2017-01-05 17:33:56,823] INFO [Group Metadata Manager on Broker 0]: Removed 0 expired offsets in 0 milliseconds. (kafka.coordinator.GroupMetadataManager)
[2017-01-05 17:43:56,822] INFO [Group Metadata Manager on Broker 0]: Removed 0 expired offsets in 0 milliseconds. (kafka.coordinator.GroupMetadataManager)
[2017-01-05 17:44:52,117] INFO [Kafka Server 0], shutting down (kafka.server.KafkaServer)
[2017-01-05 17:44:52,133] INFO [Kafka Server 0], Starting controlled shutdown (kafka.server.KafkaServer)
[2017-01-05 17:44:52,207] INFO [Kafka Server 0], Controlled shutdown succeeded (kafka.server.KafkaServer)
[2017-01-05 17:44:52,212] INFO [Socket Server on Broker 0], Shutting down (kafka.network.SocketServer)
[2017-01-05 17:44:52,226] INFO [Socket Server on Broker 0], Shutdown completed (kafka.network.SocketServer)
[2017-01-05 17:44:52,231] INFO [Kafka Request Handler on Broker 0], shutting down (kafka.server.KafkaRequestHandlerPool)
[2017-01-05 17:44:52,237] INFO [Kafka Request Handler on Broker 0], shut down completely (kafka.server.KafkaRequestHandlerPool)
[2017-01-05 17:44:52,247] INFO [ThrottledRequestReaper-Produce], Shutting down (kafka.server.ClientQuotaManager$ThrottledRequestReaper)
[2017-01-05 17:44:52,971] INFO [ThrottledRequestReaper-Produce], Shutdown completed (kafka.server.ClientQuotaManager$ThrottledRequestReaper)
[2017-01-05 17:44:52,971] INFO [ThrottledRequestReaper-Fetch], Shutting down (kafka.server.ClientQuotaManager$ThrottledRequestReaper)
[2017-01-05 17:44:52,974] INFO [ThrottledRequestReaper-Produce], Stopped  (kafka.server.ClientQuotaManager$ThrottledRequestReaper)
[2017-01-05 17:44:53,196] INFO [ThrottledRequestReaper-Fetch], Shutdown completed (kafka.server.ClientQuotaManager$ThrottledRequestReaper)
[2017-01-05 17:44:53,197] INFO [ThrottledRequestReaper-Fetch], Stopped  (kafka.server.ClientQuotaManager$ThrottledRequestReaper)
[2017-01-05 17:44:53,198] INFO [KafkaApi-0] Shutdown complete. (kafka.server.KafkaApis)
[2017-01-05 17:44:53,202] INFO [Replica Manager on Broker 0]: Shutting down (kafka.server.ReplicaManager)
[2017-01-05 17:44:53,206] INFO [ReplicaFetcherManager on broker 0] shutting down (kafka.server.ReplicaFetcherManager)
[2017-01-05 17:44:53,222] INFO [ReplicaFetcherManager on broker 0] shutdown completed (kafka.server.ReplicaFetcherManager)
[2017-01-05 17:44:53,222] INFO [ExpirationReaper-0], Shutting down (kafka.server.DelayedOperationPurgatory$ExpiredOperationReaper)
[2017-01-05 17:44:53,273] INFO [ExpirationReaper-0], Stopped  (kafka.server.DelayedOperationPurgatory$ExpiredOperationReaper)
[2017-01-05 17:44:53,273] INFO [ExpirationReaper-0], Shutdown completed (kafka.server.DelayedOperationPurgatory$ExpiredOperationReaper)
[2017-01-05 17:44:53,273] INFO [ExpirationReaper-0], Shutting down (kafka.server.DelayedOperationPurgatory$ExpiredOperationReaper)
[2017-01-05 17:44:53,474] INFO [ExpirationReaper-0], Stopped  (kafka.server.DelayedOperationPurgatory$ExpiredOperationReaper)
[2017-01-05 17:44:53,474] INFO [ExpirationReaper-0], Shutdown completed (kafka.server.DelayedOperationPurgatory$ExpiredOperationReaper)
[2017-01-05 17:44:53,480] INFO [Replica Manager on Broker 0]: Shut down completely (kafka.server.ReplicaManager)
[2017-01-05 17:44:53,483] INFO Shutting down. (kafka.log.LogManager)
[2017-01-05 17:44:53,581] INFO Shutdown complete. (kafka.log.LogManager)
[2017-01-05 17:44:53,582] INFO [GroupCoordinator 0]: Shutting down. (kafka.coordinator.GroupCoordinator)
[2017-01-05 17:44:53,582] INFO [ExpirationReaper-0], Shutting down (kafka.server.DelayedOperationPurgatory$ExpiredOperationReaper)
[2017-01-05 17:44:53,674] INFO [ExpirationReaper-0], Stopped  (kafka.server.DelayedOperationPurgatory$ExpiredOperationReaper)
[2017-01-05 17:44:53,674] INFO [ExpirationReaper-0], Shutdown completed (kafka.server.DelayedOperationPurgatory$ExpiredOperationReaper)
[2017-01-05 17:44:53,674] INFO [ExpirationReaper-0], Shutting down (kafka.server.DelayedOperationPurgatory$ExpiredOperationReaper)
[2017-01-05 17:44:53,674] INFO [ExpirationReaper-0], Stopped  (kafka.server.DelayedOperationPurgatory$ExpiredOperationReaper)
[2017-01-05 17:44:53,674] INFO [ExpirationReaper-0], Shutdown completed (kafka.server.DelayedOperationPurgatory$ExpiredOperationReaper)
[2017-01-05 17:44:53,675] INFO [GroupCoordinator 0]: Shutdown complete. (kafka.coordinator.GroupCoordinator)
[2017-01-05 17:44:53,694] INFO [Kafka Server 0], shut down completed (kafka.server.KafkaServer)
