[2016-12-28 18:28:04,905] TRACE Controller 0 epoch 1 changed partition [winagg47832212,0] state from NonExistentPartition to NewPartition with assigned replicas 0 (state.change.logger)
[2016-12-28 18:28:04,922] TRACE Controller 0 epoch 1 changed state of replica 0 for partition [winagg47832212,0] from NonExistentReplica to NewReplica (state.change.logger)
[2016-12-28 18:28:04,933] TRACE Controller 0 epoch 1 changed partition [winagg47832212,0] from NewPartition to OnlinePartition with leader 0 (state.change.logger)
[2016-12-28 18:28:04,933] TRACE Controller 0 epoch 1 sending become-leader LeaderAndIsr request (Leader:0,ISR:0,LeaderEpoch:0,ControllerEpoch:1) to broker 0 for partition [winagg47832212,0] (state.change.logger)
[2016-12-28 18:28:04,934] TRACE Controller 0 epoch 1 sending UpdateMetadata request (Leader:0,ISR:0,LeaderEpoch:0,ControllerEpoch:1) to broker 0 for partition winagg47832212-0 (state.change.logger)
[2016-12-28 18:28:04,934] TRACE Controller 0 epoch 1 changed state of replica 0 for partition [winagg47832212,0] from NewReplica to OnlineReplica (state.change.logger)
[2016-12-28 18:28:05,236] TRACE Broker 0 received LeaderAndIsr request PartitionState(controllerEpoch=1, leader=0, leaderEpoch=0, isr=[0], zkVersion=0, replicas=[0]) correlation id 13 from controller 0 epoch 1 for partition [winagg47832212,0] (state.change.logger)
[2016-12-28 18:28:05,237] TRACE Broker 0 handling LeaderAndIsr request correlationId 13 from controller 0 epoch 1 starting the become-leader transition for partition [winagg47832212,0] (state.change.logger)
[2016-12-28 18:28:05,239] TRACE Broker 0 stopped fetchers as part of become-leader request from controller 0 epoch 1 with correlation id 13 for partition [winagg47832212,0] (state.change.logger)
[2016-12-28 18:28:05,239] TRACE Broker 0 completed LeaderAndIsr request correlationId 13 from controller 0 epoch 1 for the become-leader transition for partition [winagg47832212,0] (state.change.logger)
[2016-12-28 18:28:05,239] TRACE Controller 0 epoch 1 received response {error_code=0,partitions=[{topic=winagg47832212,partition=0,error_code=0}]} for a request sent to broker patrick:9092 (id: 0 rack: null) (state.change.logger)
[2016-12-28 18:28:05,239] TRACE Broker 0 cached leader info (LeaderAndIsrInfo:(Leader:0,ISR:0,LeaderEpoch:0,ControllerEpoch:1),ReplicationFactor:1),AllReplicas:0) for partition winagg47832212-0 in response to UpdateMetadata request sent by controller 0 epoch 1 with correlation id 14 (state.change.logger)
[2016-12-28 18:28:05,239] TRACE Controller 0 epoch 1 received response {error_code=0} for a request sent to broker patrick:9092 (id: 0 rack: null) (state.change.logger)
[2016-12-28 18:34:33,113] TRACE Controller 0 epoch 1 changed partition [winagg32321,0] state from NonExistentPartition to NewPartition with assigned replicas 0 (state.change.logger)
[2016-12-28 18:34:33,114] TRACE Controller 0 epoch 1 changed state of replica 0 for partition [winagg32321,0] from NonExistentReplica to NewReplica (state.change.logger)
[2016-12-28 18:34:33,126] TRACE Controller 0 epoch 1 changed partition [winagg32321,0] from NewPartition to OnlinePartition with leader 0 (state.change.logger)
[2016-12-28 18:34:33,126] TRACE Controller 0 epoch 1 sending become-leader LeaderAndIsr request (Leader:0,ISR:0,LeaderEpoch:0,ControllerEpoch:1) to broker 0 for partition [winagg32321,0] (state.change.logger)
[2016-12-28 18:34:33,126] TRACE Controller 0 epoch 1 sending UpdateMetadata request (Leader:0,ISR:0,LeaderEpoch:0,ControllerEpoch:1) to broker 0 for partition winagg32321-0 (state.change.logger)
[2016-12-28 18:34:33,126] TRACE Controller 0 epoch 1 changed state of replica 0 for partition [winagg32321,0] from NewReplica to OnlineReplica (state.change.logger)
[2016-12-28 18:34:33,126] TRACE Broker 0 received LeaderAndIsr request PartitionState(controllerEpoch=1, leader=0, leaderEpoch=0, isr=[0], zkVersion=0, replicas=[0]) correlation id 15 from controller 0 epoch 1 for partition [winagg32321,0] (state.change.logger)
[2016-12-28 18:34:33,127] TRACE Broker 0 handling LeaderAndIsr request correlationId 15 from controller 0 epoch 1 starting the become-leader transition for partition [winagg32321,0] (state.change.logger)
[2016-12-28 18:34:33,134] TRACE Broker 0 stopped fetchers as part of become-leader request from controller 0 epoch 1 with correlation id 15 for partition [winagg32321,0] (state.change.logger)
[2016-12-28 18:34:33,134] TRACE Broker 0 completed LeaderAndIsr request correlationId 15 from controller 0 epoch 1 for the become-leader transition for partition [winagg32321,0] (state.change.logger)
[2016-12-28 18:34:33,134] TRACE Controller 0 epoch 1 received response {error_code=0,partitions=[{topic=winagg32321,partition=0,error_code=0}]} for a request sent to broker patrick:9092 (id: 0 rack: null) (state.change.logger)
[2016-12-28 18:34:33,134] TRACE Broker 0 cached leader info (LeaderAndIsrInfo:(Leader:0,ISR:0,LeaderEpoch:0,ControllerEpoch:1),ReplicationFactor:1),AllReplicas:0) for partition winagg32321-0 in response to UpdateMetadata request sent by controller 0 epoch 1 with correlation id 16 (state.change.logger)
[2016-12-28 18:34:33,134] TRACE Controller 0 epoch 1 received response {error_code=0} for a request sent to broker patrick:9092 (id: 0 rack: null) (state.change.logger)
[2016-12-28 18:37:09,458] TRACE Controller 0 epoch 1 changed partition [winagg323212,0] state from NonExistentPartition to NewPartition with assigned replicas 0 (state.change.logger)
[2016-12-28 18:37:09,462] TRACE Controller 0 epoch 1 changed state of replica 0 for partition [winagg323212,0] from NonExistentReplica to NewReplica (state.change.logger)
[2016-12-28 18:37:09,477] TRACE Controller 0 epoch 1 changed partition [winagg323212,0] from NewPartition to OnlinePartition with leader 0 (state.change.logger)
[2016-12-28 18:37:09,477] TRACE Controller 0 epoch 1 sending become-leader LeaderAndIsr request (Leader:0,ISR:0,LeaderEpoch:0,ControllerEpoch:1) to broker 0 for partition [winagg323212,0] (state.change.logger)
[2016-12-28 18:37:09,477] TRACE Broker 0 received LeaderAndIsr request PartitionState(controllerEpoch=1, leader=0, leaderEpoch=0, isr=[0], zkVersion=0, replicas=[0]) correlation id 17 from controller 0 epoch 1 for partition [winagg323212,0] (state.change.logger)
[2016-12-28 18:37:09,478] TRACE Broker 0 handling LeaderAndIsr request correlationId 17 from controller 0 epoch 1 starting the become-leader transition for partition [winagg323212,0] (state.change.logger)
[2016-12-28 18:37:09,486] TRACE Broker 0 stopped fetchers as part of become-leader request from controller 0 epoch 1 with correlation id 17 for partition [winagg323212,0] (state.change.logger)
[2016-12-28 18:37:09,486] TRACE Broker 0 completed LeaderAndIsr request correlationId 17 from controller 0 epoch 1 for the become-leader transition for partition [winagg323212,0] (state.change.logger)
[2016-12-28 18:37:09,486] TRACE Controller 0 epoch 1 sending UpdateMetadata request (Leader:0,ISR:0,LeaderEpoch:0,ControllerEpoch:1) to broker 0 for partition winagg323212-0 (state.change.logger)
[2016-12-28 18:37:09,486] TRACE Controller 0 epoch 1 changed state of replica 0 for partition [winagg323212,0] from NewReplica to OnlineReplica (state.change.logger)
[2016-12-28 18:37:09,486] TRACE Controller 0 epoch 1 received response {error_code=0,partitions=[{topic=winagg323212,partition=0,error_code=0}]} for a request sent to broker patrick:9092 (id: 0 rack: null) (state.change.logger)
[2016-12-28 18:37:09,486] TRACE Broker 0 cached leader info (LeaderAndIsrInfo:(Leader:0,ISR:0,LeaderEpoch:0,ControllerEpoch:1),ReplicationFactor:1),AllReplicas:0) for partition winagg323212-0 in response to UpdateMetadata request sent by controller 0 epoch 1 with correlation id 18 (state.change.logger)
[2016-12-28 18:37:09,486] TRACE Controller 0 epoch 1 received response {error_code=0} for a request sent to broker patrick:9092 (id: 0 rack: null) (state.change.logger)
