[2016-12-25 21:01:15,539] DEBUG preRegister called. Server=com.sun.jmx.mbeanserver.JmxMBeanServer@66d3c617, name=log4j:logger=kafka.controller (kafka.controller)
[2016-12-25 21:01:25,994] INFO [Controller 0]: Controller starting up (kafka.controller.KafkaController)
[2016-12-25 21:01:26,029] INFO [Controller 0]: Broker 0 starting become controller state transition (kafka.controller.KafkaController)
[2016-12-25 21:01:26,043] INFO [Controller 0]: Controller 0 incremented epoch to 1 (kafka.controller.KafkaController)
[2016-12-25 21:01:26,056] DEBUG [Controller 0]: Registering IsrChangeNotificationListener (kafka.controller.KafkaController)
[2016-12-25 21:01:26,083] INFO [Controller 0]: Partitions undergoing preferred replica election:  (kafka.controller.KafkaController)
[2016-12-25 21:01:26,084] INFO [Controller 0]: Partitions that completed preferred replica election:  (kafka.controller.KafkaController)
[2016-12-25 21:01:26,084] INFO [Controller 0]: Resuming preferred replica election for partitions:  (kafka.controller.KafkaController)
[2016-12-25 21:01:26,093] INFO [Controller 0]: Partitions being reassigned: Map() (kafka.controller.KafkaController)
[2016-12-25 21:01:26,094] INFO [Controller 0]: Partitions already reassigned: List() (kafka.controller.KafkaController)
[2016-12-25 21:01:26,099] INFO [Controller 0]: Resuming reassignment of partitions: Map() (kafka.controller.KafkaController)
[2016-12-25 21:01:26,102] INFO [Controller 0]: List of topics to be deleted:  (kafka.controller.KafkaController)
[2016-12-25 21:01:26,102] INFO [Controller 0]: List of topics ineligible for deletion:  (kafka.controller.KafkaController)
[2016-12-25 21:01:26,107] INFO [Controller 0]: Currently active brokers in the cluster: Set() (kafka.controller.KafkaController)
[2016-12-25 21:01:26,107] INFO [Controller 0]: Currently shutting brokers in the cluster: Set() (kafka.controller.KafkaController)
[2016-12-25 21:01:26,110] INFO [Controller 0]: Current list of topics in the cluster: Set() (kafka.controller.KafkaController)
[2016-12-25 21:01:26,115] INFO [Replica state machine on controller 0]: Started replica state machine with initial state -> Map() (kafka.controller.ReplicaStateMachine)
[2016-12-25 21:01:26,121] INFO [Partition state machine on Controller 0]: Started partition state machine with initial state -> Map() (kafka.controller.PartitionStateMachine)
[2016-12-25 21:01:26,121] INFO [Controller 0]: Broker 0 is ready to serve as the new controller with epoch 1 (kafka.controller.KafkaController)
[2016-12-25 21:01:26,122] INFO [Controller 0]: Starting preferred replica leader election for partitions  (kafka.controller.KafkaController)
[2016-12-25 21:01:26,122] INFO [Partition state machine on Controller 0]: Invoking state change to OnlinePartition for partitions  (kafka.controller.PartitionStateMachine)
[2016-12-25 21:01:26,138] INFO [Controller 0]: starting the partition rebalance scheduler (kafka.controller.KafkaController)
[2016-12-25 21:01:26,138] INFO [Controller 0]: Controller startup complete (kafka.controller.KafkaController)
[2016-12-25 21:01:26,491] INFO [BrokerChangeListener on Controller 0]: Broker change listener fired for path /brokers/ids with children 0 (kafka.controller.ReplicaStateMachine$BrokerChangeListener)
[2016-12-25 21:01:26,625] INFO [BrokerChangeListener on Controller 0]: Newly added brokers: 0, deleted brokers: , all live brokers: 0 (kafka.controller.ReplicaStateMachine$BrokerChangeListener)
[2016-12-25 21:01:26,640] DEBUG [Channel manager on controller 0]: Controller 0 trying to connect to broker 0 (kafka.controller.ControllerChannelManager)
[2016-12-25 21:01:26,687] INFO [Controller 0]: New broker startup callback for 0 (kafka.controller.KafkaController)
[2016-12-25 21:01:26,689] INFO [Controller-0-to-broker-0-send-thread], Starting  (kafka.controller.RequestSendThread)
[2016-12-25 21:01:26,722] INFO [Controller-0-to-broker-0-send-thread], Controller 0 connected to Node(0, patrick, 9092) for sending state change requests (kafka.controller.RequestSendThread)
[2016-12-25 21:01:31,140] TRACE [Controller 0]: checking need to trigger partition rebalance (kafka.controller.KafkaController)
[2016-12-25 21:01:31,140] DEBUG [Controller 0]: preferred replicas by broker Map() (kafka.controller.KafkaController)
[2016-12-25 21:02:41,952] DEBUG [TopicChangeListener on Controller 0]: Topic change listener fired for path /brokers/topics with children winagg5657 (kafka.controller.PartitionStateMachine$TopicChangeListener)
[2016-12-25 21:02:42,034] INFO [TopicChangeListener on Controller 0]: New topics: [Set(winagg5657)], deleted topics: [Set()], new partition replica assignment [Map([winagg5657,0] -> List(0))] (kafka.controller.PartitionStateMachine$TopicChangeListener)
[2016-12-25 21:02:42,077] INFO [Controller 0]: New topic creation callback for [winagg5657,0] (kafka.controller.KafkaController)
[2016-12-25 21:02:42,083] INFO [Controller 0]: New partition creation callback for [winagg5657,0] (kafka.controller.KafkaController)
[2016-12-25 21:02:42,083] INFO [Partition state machine on Controller 0]: Invoking state change to NewPartition for partitions [winagg5657,0] (kafka.controller.PartitionStateMachine)
[2016-12-25 21:02:42,085] INFO [Replica state machine on controller 0]: Invoking state change to NewReplica for replicas [Topic=winagg5657,Partition=0,Replica=0] (kafka.controller.ReplicaStateMachine)
[2016-12-25 21:02:42,136] INFO [Partition state machine on Controller 0]: Invoking state change to OnlinePartition for partitions [winagg5657,0] (kafka.controller.PartitionStateMachine)
[2016-12-25 21:02:42,150] DEBUG [Partition state machine on Controller 0]: Live assigned replicas for partition [winagg5657,0] are: [List(0)] (kafka.controller.PartitionStateMachine)
[2016-12-25 21:02:42,151] DEBUG [Partition state machine on Controller 0]: Initializing leader and isr for partition [winagg5657,0] to (Leader:0,ISR:0,LeaderEpoch:0,ControllerEpoch:1) (kafka.controller.PartitionStateMachine)
[2016-12-25 21:02:42,224] INFO [Replica state machine on controller 0]: Invoking state change to OnlineReplica for replicas [Topic=winagg5657,Partition=0,Replica=0] (kafka.controller.ReplicaStateMachine)
[2016-12-25 21:02:44,993] DEBUG [TopicChangeListener on Controller 0]: Topic change listener fired for path /brokers/topics with children winagg5657,win (kafka.controller.PartitionStateMachine$TopicChangeListener)
[2016-12-25 21:02:45,000] INFO [TopicChangeListener on Controller 0]: New topics: [Set(win)], deleted topics: [Set()], new partition replica assignment [Map([win,0] -> List(0))] (kafka.controller.PartitionStateMachine$TopicChangeListener)
[2016-12-25 21:02:45,000] INFO [Controller 0]: New topic creation callback for [win,0] (kafka.controller.KafkaController)
[2016-12-25 21:02:45,008] INFO [Controller 0]: New partition creation callback for [win,0] (kafka.controller.KafkaController)
[2016-12-25 21:02:45,008] INFO [Partition state machine on Controller 0]: Invoking state change to NewPartition for partitions [win,0] (kafka.controller.PartitionStateMachine)
[2016-12-25 21:02:45,009] INFO [Replica state machine on controller 0]: Invoking state change to NewReplica for replicas [Topic=win,Partition=0,Replica=0] (kafka.controller.ReplicaStateMachine)
[2016-12-25 21:02:45,012] INFO [Partition state machine on Controller 0]: Invoking state change to OnlinePartition for partitions [win,0] (kafka.controller.PartitionStateMachine)
[2016-12-25 21:02:45,012] DEBUG [Partition state machine on Controller 0]: Live assigned replicas for partition [win,0] are: [List(0)] (kafka.controller.PartitionStateMachine)
[2016-12-25 21:02:45,012] DEBUG [Partition state machine on Controller 0]: Initializing leader and isr for partition [win,0] to (Leader:0,ISR:0,LeaderEpoch:0,ControllerEpoch:1) (kafka.controller.PartitionStateMachine)
[2016-12-25 21:02:45,055] INFO [Replica state machine on controller 0]: Invoking state change to OnlineReplica for replicas [Topic=win,Partition=0,Replica=0] (kafka.controller.ReplicaStateMachine)
[2016-12-25 21:02:45,082] DEBUG [TopicChangeListener on Controller 0]: Topic change listener fired for path /brokers/topics with children winagg5657,win,winagg (kafka.controller.PartitionStateMachine$TopicChangeListener)
[2016-12-25 21:02:45,145] INFO [TopicChangeListener on Controller 0]: New topics: [Set(winagg)], deleted topics: [Set()], new partition replica assignment [Map([winagg,0] -> List(0))] (kafka.controller.PartitionStateMachine$TopicChangeListener)
[2016-12-25 21:02:45,145] INFO [Controller 0]: New topic creation callback for [winagg,0] (kafka.controller.KafkaController)
[2016-12-25 21:02:45,155] INFO [Controller 0]: New partition creation callback for [winagg,0] (kafka.controller.KafkaController)
[2016-12-25 21:02:45,155] INFO [Partition state machine on Controller 0]: Invoking state change to NewPartition for partitions [winagg,0] (kafka.controller.PartitionStateMachine)
[2016-12-25 21:02:45,156] INFO [Replica state machine on controller 0]: Invoking state change to NewReplica for replicas [Topic=winagg,Partition=0,Replica=0] (kafka.controller.ReplicaStateMachine)
[2016-12-25 21:02:45,162] INFO [Partition state machine on Controller 0]: Invoking state change to OnlinePartition for partitions [winagg,0] (kafka.controller.PartitionStateMachine)
[2016-12-25 21:02:45,162] DEBUG [Partition state machine on Controller 0]: Live assigned replicas for partition [winagg,0] are: [List(0)] (kafka.controller.PartitionStateMachine)
[2016-12-25 21:02:45,162] DEBUG [Partition state machine on Controller 0]: Initializing leader and isr for partition [winagg,0] to (Leader:0,ISR:0,LeaderEpoch:0,ControllerEpoch:1) (kafka.controller.PartitionStateMachine)
[2016-12-25 21:02:45,216] INFO [Replica state machine on controller 0]: Invoking state change to OnlineReplica for replicas [Topic=winagg,Partition=0,Replica=0] (kafka.controller.ReplicaStateMachine)
[2016-12-25 21:02:45,233] DEBUG [TopicChangeListener on Controller 0]: Topic change listener fired for path /brokers/topics with children winagg5657,win,winagg,__consumer_offsets (kafka.controller.PartitionStateMachine$TopicChangeListener)
[2016-12-25 21:02:45,387] INFO [TopicChangeListener on Controller 0]: New topics: [Set(__consumer_offsets)], deleted topics: [Set()], new partition replica assignment [Map([__consumer_offsets,19] -> List(0), [__consumer_offsets,30] -> List(0), [__consumer_offsets,47] -> List(0), [__consumer_offsets,29] -> List(0), [__consumer_offsets,41] -> List(0), [__consumer_offsets,39] -> List(0), [__consumer_offsets,10] -> List(0), [__consumer_offsets,17] -> List(0), [__consumer_offsets,14] -> List(0), [__consumer_offsets,40] -> List(0), [__consumer_offsets,18] -> List(0), [__consumer_offsets,26] -> List(0), [__consumer_offsets,0] -> List(0), [__consumer_offsets,24] -> List(0), [__consumer_offsets,33] -> List(0), [__consumer_offsets,20] -> List(0), [__consumer_offsets,21] -> List(0), [__consumer_offsets,3] -> List(0), [__consumer_offsets,5] -> List(0), [__consumer_offsets,22] -> List(0), [__consumer_offsets,12] -> List(0), [__consumer_offsets,8] -> List(0), [__consumer_offsets,23] -> List(0), [__consumer_offsets,15] -> List(0), [__consumer_offsets,48] -> List(0), [__consumer_offsets,11] -> List(0), [__consumer_offsets,13] -> List(0), [__consumer_offsets,49] -> List(0), [__consumer_offsets,6] -> List(0), [__consumer_offsets,28] -> List(0), [__consumer_offsets,4] -> List(0), [__consumer_offsets,37] -> List(0), [__consumer_offsets,31] -> List(0), [__consumer_offsets,44] -> List(0), [__consumer_offsets,42] -> List(0), [__consumer_offsets,34] -> List(0), [__consumer_offsets,46] -> List(0), [__consumer_offsets,25] -> List(0), [__consumer_offsets,45] -> List(0), [__consumer_offsets,27] -> List(0), [__consumer_offsets,32] -> List(0), [__consumer_offsets,43] -> List(0), [__consumer_offsets,36] -> List(0), [__consumer_offsets,35] -> List(0), [__consumer_offsets,7] -> List(0), [__consumer_offsets,9] -> List(0), [__consumer_offsets,38] -> List(0), [__consumer_offsets,1] -> List(0), [__consumer_offsets,16] -> List(0), [__consumer_offsets,2] -> List(0))] (kafka.controller.PartitionStateMachine$TopicChangeListener)
[2016-12-25 21:02:45,388] INFO [Controller 0]: New topic creation callback for [__consumer_offsets,32],[__consumer_offsets,16],[__consumer_offsets,49],[__consumer_offsets,44],[__consumer_offsets,28],[__consumer_offsets,17],[__consumer_offsets,23],[__consumer_offsets,7],[__consumer_offsets,4],[__consumer_offsets,29],[__consumer_offsets,35],[__consumer_offsets,3],[__consumer_offsets,24],[__consumer_offsets,41],[__consumer_offsets,0],[__consumer_offsets,38],[__consumer_offsets,13],[__consumer_offsets,8],[__consumer_offsets,5],[__consumer_offsets,39],[__consumer_offsets,36],[__consumer_offsets,40],[__consumer_offsets,45],[__consumer_offsets,15],[__consumer_offsets,33],[__consumer_offsets,37],[__consumer_offsets,21],[__consumer_offsets,6],[__consumer_offsets,11],[__consumer_offsets,20],[__consumer_offsets,47],[__consumer_offsets,2],[__consumer_offsets,27],[__consumer_offsets,34],[__consumer_offsets,9],[__consumer_offsets,22],[__consumer_offsets,42],[__consumer_offsets,14],[__consumer_offsets,25],[__consumer_offsets,10],[__consumer_offsets,48],[__consumer_offsets,31],[__consumer_offsets,18],[__consumer_offsets,19],[__consumer_offsets,12],[__consumer_offsets,46],[__consumer_offsets,43],[__consumer_offsets,1],[__consumer_offsets,26],[__consumer_offsets,30] (kafka.controller.KafkaController)
[2016-12-25 21:02:45,402] INFO [Controller 0]: New partition creation callback for [__consumer_offsets,32],[__consumer_offsets,16],[__consumer_offsets,49],[__consumer_offsets,44],[__consumer_offsets,28],[__consumer_offsets,17],[__consumer_offsets,23],[__consumer_offsets,7],[__consumer_offsets,4],[__consumer_offsets,29],[__consumer_offsets,35],[__consumer_offsets,3],[__consumer_offsets,24],[__consumer_offsets,41],[__consumer_offsets,0],[__consumer_offsets,38],[__consumer_offsets,13],[__consumer_offsets,8],[__consumer_offsets,5],[__consumer_offsets,39],[__consumer_offsets,36],[__consumer_offsets,40],[__consumer_offsets,45],[__consumer_offsets,15],[__consumer_offsets,33],[__consumer_offsets,37],[__consumer_offsets,21],[__consumer_offsets,6],[__consumer_offsets,11],[__consumer_offsets,20],[__consumer_offsets,47],[__consumer_offsets,2],[__consumer_offsets,27],[__consumer_offsets,34],[__consumer_offsets,9],[__consumer_offsets,22],[__consumer_offsets,42],[__consumer_offsets,14],[__consumer_offsets,25],[__consumer_offsets,10],[__consumer_offsets,48],[__consumer_offsets,31],[__consumer_offsets,18],[__consumer_offsets,19],[__consumer_offsets,12],[__consumer_offsets,46],[__consumer_offsets,43],[__consumer_offsets,1],[__consumer_offsets,26],[__consumer_offsets,30] (kafka.controller.KafkaController)
[2016-12-25 21:02:45,403] INFO [Partition state machine on Controller 0]: Invoking state change to NewPartition for partitions [__consumer_offsets,32],[__consumer_offsets,16],[__consumer_offsets,49],[__consumer_offsets,44],[__consumer_offsets,28],[__consumer_offsets,17],[__consumer_offsets,23],[__consumer_offsets,7],[__consumer_offsets,4],[__consumer_offsets,29],[__consumer_offsets,35],[__consumer_offsets,3],[__consumer_offsets,24],[__consumer_offsets,41],[__consumer_offsets,0],[__consumer_offsets,38],[__consumer_offsets,13],[__consumer_offsets,8],[__consumer_offsets,5],[__consumer_offsets,39],[__consumer_offsets,36],[__consumer_offsets,40],[__consumer_offsets,45],[__consumer_offsets,15],[__consumer_offsets,33],[__consumer_offsets,37],[__consumer_offsets,21],[__consumer_offsets,6],[__consumer_offsets,11],[__consumer_offsets,20],[__consumer_offsets,47],[__consumer_offsets,2],[__consumer_offsets,27],[__consumer_offsets,34],[__consumer_offsets,9],[__consumer_offsets,22],[__consumer_offsets,42],[__consumer_offsets,14],[__consumer_offsets,25],[__consumer_offsets,10],[__consumer_offsets,48],[__consumer_offsets,31],[__consumer_offsets,18],[__consumer_offsets,19],[__consumer_offsets,12],[__consumer_offsets,46],[__consumer_offsets,43],[__consumer_offsets,1],[__consumer_offsets,26],[__consumer_offsets,30] (kafka.controller.PartitionStateMachine)
[2016-12-25 21:02:45,443] INFO [Replica state machine on controller 0]: Invoking state change to NewReplica for replicas [Topic=__consumer_offsets,Partition=25,Replica=0],[Topic=__consumer_offsets,Partition=12,Replica=0],[Topic=__consumer_offsets,Partition=31,Replica=0],[Topic=__consumer_offsets,Partition=40,Replica=0],[Topic=__consumer_offsets,Partition=35,Replica=0],[Topic=__consumer_offsets,Partition=9,Replica=0],[Topic=__consumer_offsets,Partition=43,Replica=0],[Topic=__consumer_offsets,Partition=2,Replica=0],[Topic=__consumer_offsets,Partition=11,Replica=0],[Topic=__consumer_offsets,Partition=29,Replica=0],[Topic=__consumer_offsets,Partition=30,Replica=0],[Topic=__consumer_offsets,Partition=4,Replica=0],[Topic=__consumer_offsets,Partition=42,Replica=0],[Topic=__consumer_offsets,Partition=26,Replica=0],[Topic=__consumer_offsets,Partition=34,Replica=0],[Topic=__consumer_offsets,Partition=17,Replica=0],[Topic=__consumer_offsets,Partition=37,Replica=0],[Topic=__consumer_offsets,Partition=27,Replica=0],[Topic=__consumer_offsets,Partition=10,Replica=0],[Topic=__consumer_offsets,Partition=41,Replica=0],[Topic=__consumer_offsets,Partition=20,Replica=0],[Topic=__consumer_offsets,Partition=28,Replica=0],[Topic=__consumer_offsets,Partition=46,Replica=0],[Topic=__consumer_offsets,Partition=39,Replica=0],[Topic=__consumer_offsets,Partition=47,Replica=0],[Topic=__consumer_offsets,Partition=49,Replica=0],[Topic=__consumer_offsets,Partition=22,Replica=0],[Topic=__consumer_offsets,Partition=1,Replica=0],[Topic=__consumer_offsets,Partition=24,Replica=0],[Topic=__consumer_offsets,Partition=6,Replica=0],[Topic=__consumer_offsets,Partition=36,Replica=0],[Topic=__consumer_offsets,Partition=8,Replica=0],[Topic=__consumer_offsets,Partition=38,Replica=0],[Topic=__consumer_offsets,Partition=16,Replica=0],[Topic=__consumer_offsets,Partition=21,Replica=0],[Topic=__consumer_offsets,Partition=18,Replica=0],[Topic=__consumer_offsets,Partition=0,Replica=0],[Topic=__consumer_offsets,Partition=48,Replica=0],[Topic=__consumer_offsets,Partition=5,Replica=0],[Topic=__consumer_offsets,Partition=13,Replica=0],[Topic=__consumer_offsets,Partition=3,Replica=0],[Topic=__consumer_offsets,Partition=44,Replica=0],[Topic=__consumer_offsets,Partition=15,Replica=0],[Topic=__consumer_offsets,Partition=7,Replica=0],[Topic=__consumer_offsets,Partition=19,Replica=0],[Topic=__consumer_offsets,Partition=33,Replica=0],[Topic=__consumer_offsets,Partition=45,Replica=0],[Topic=__consumer_offsets,Partition=23,Replica=0],[Topic=__consumer_offsets,Partition=32,Replica=0],[Topic=__consumer_offsets,Partition=14,Replica=0] (kafka.controller.ReplicaStateMachine)
[2016-12-25 21:02:45,576] INFO [Partition state machine on Controller 0]: Invoking state change to OnlinePartition for partitions [__consumer_offsets,32],[__consumer_offsets,16],[__consumer_offsets,49],[__consumer_offsets,44],[__consumer_offsets,28],[__consumer_offsets,17],[__consumer_offsets,23],[__consumer_offsets,7],[__consumer_offsets,4],[__consumer_offsets,29],[__consumer_offsets,35],[__consumer_offsets,3],[__consumer_offsets,24],[__consumer_offsets,41],[__consumer_offsets,0],[__consumer_offsets,38],[__consumer_offsets,13],[__consumer_offsets,8],[__consumer_offsets,5],[__consumer_offsets,39],[__consumer_offsets,36],[__consumer_offsets,40],[__consumer_offsets,45],[__consumer_offsets,15],[__consumer_offsets,33],[__consumer_offsets,37],[__consumer_offsets,21],[__consumer_offsets,6],[__consumer_offsets,11],[__consumer_offsets,20],[__consumer_offsets,47],[__consumer_offsets,2],[__consumer_offsets,27],[__consumer_offsets,34],[__consumer_offsets,9],[__consumer_offsets,22],[__consumer_offsets,42],[__consumer_offsets,14],[__consumer_offsets,25],[__consumer_offsets,10],[__consumer_offsets,48],[__consumer_offsets,31],[__consumer_offsets,18],[__consumer_offsets,19],[__consumer_offsets,12],[__consumer_offsets,46],[__consumer_offsets,43],[__consumer_offsets,1],[__consumer_offsets,26],[__consumer_offsets,30] (kafka.controller.PartitionStateMachine)
[2016-12-25 21:02:45,576] DEBUG [Partition state machine on Controller 0]: Live assigned replicas for partition [__consumer_offsets,32] are: [List(0)] (kafka.controller.PartitionStateMachine)
[2016-12-25 21:02:45,576] DEBUG [Partition state machine on Controller 0]: Initializing leader and isr for partition [__consumer_offsets,32] to (Leader:0,ISR:0,LeaderEpoch:0,ControllerEpoch:1) (kafka.controller.PartitionStateMachine)
[2016-12-25 21:02:45,601] DEBUG [Partition state machine on Controller 0]: Live assigned replicas for partition [__consumer_offsets,16] are: [List(0)] (kafka.controller.PartitionStateMachine)
[2016-12-25 21:02:45,601] DEBUG [Partition state machine on Controller 0]: Initializing leader and isr for partition [__consumer_offsets,16] to (Leader:0,ISR:0,LeaderEpoch:0,ControllerEpoch:1) (kafka.controller.PartitionStateMachine)
[2016-12-25 21:02:45,608] DEBUG [Partition state machine on Controller 0]: Live assigned replicas for partition [__consumer_offsets,49] are: [List(0)] (kafka.controller.PartitionStateMachine)
[2016-12-25 21:02:45,608] DEBUG [Partition state machine on Controller 0]: Initializing leader and isr for partition [__consumer_offsets,49] to (Leader:0,ISR:0,LeaderEpoch:0,ControllerEpoch:1) (kafka.controller.PartitionStateMachine)
[2016-12-25 21:02:45,620] DEBUG [Partition state machine on Controller 0]: Live assigned replicas for partition [__consumer_offsets,44] are: [List(0)] (kafka.controller.PartitionStateMachine)
[2016-12-25 21:02:45,620] DEBUG [Partition state machine on Controller 0]: Initializing leader and isr for partition [__consumer_offsets,44] to (Leader:0,ISR:0,LeaderEpoch:0,ControllerEpoch:1) (kafka.controller.PartitionStateMachine)
[2016-12-25 21:02:45,627] DEBUG [Partition state machine on Controller 0]: Live assigned replicas for partition [__consumer_offsets,28] are: [List(0)] (kafka.controller.PartitionStateMachine)
[2016-12-25 21:02:45,627] DEBUG [Partition state machine on Controller 0]: Initializing leader and isr for partition [__consumer_offsets,28] to (Leader:0,ISR:0,LeaderEpoch:0,ControllerEpoch:1) (kafka.controller.PartitionStateMachine)
[2016-12-25 21:02:45,642] DEBUG [Partition state machine on Controller 0]: Live assigned replicas for partition [__consumer_offsets,17] are: [List(0)] (kafka.controller.PartitionStateMachine)
[2016-12-25 21:02:45,642] DEBUG [Partition state machine on Controller 0]: Initializing leader and isr for partition [__consumer_offsets,17] to (Leader:0,ISR:0,LeaderEpoch:0,ControllerEpoch:1) (kafka.controller.PartitionStateMachine)
[2016-12-25 21:02:45,647] DEBUG [Partition state machine on Controller 0]: Live assigned replicas for partition [__consumer_offsets,23] are: [List(0)] (kafka.controller.PartitionStateMachine)
[2016-12-25 21:02:45,647] DEBUG [Partition state machine on Controller 0]: Initializing leader and isr for partition [__consumer_offsets,23] to (Leader:0,ISR:0,LeaderEpoch:0,ControllerEpoch:1) (kafka.controller.PartitionStateMachine)
[2016-12-25 21:02:45,666] DEBUG [Partition state machine on Controller 0]: Live assigned replicas for partition [__consumer_offsets,7] are: [List(0)] (kafka.controller.PartitionStateMachine)
[2016-12-25 21:02:45,666] DEBUG [Partition state machine on Controller 0]: Initializing leader and isr for partition [__consumer_offsets,7] to (Leader:0,ISR:0,LeaderEpoch:0,ControllerEpoch:1) (kafka.controller.PartitionStateMachine)
[2016-12-25 21:02:45,675] DEBUG [Partition state machine on Controller 0]: Live assigned replicas for partition [__consumer_offsets,4] are: [List(0)] (kafka.controller.PartitionStateMachine)
[2016-12-25 21:02:45,675] DEBUG [Partition state machine on Controller 0]: Initializing leader and isr for partition [__consumer_offsets,4] to (Leader:0,ISR:0,LeaderEpoch:0,ControllerEpoch:1) (kafka.controller.PartitionStateMachine)
[2016-12-25 21:02:45,683] DEBUG [Partition state machine on Controller 0]: Live assigned replicas for partition [__consumer_offsets,29] are: [List(0)] (kafka.controller.PartitionStateMachine)
[2016-12-25 21:02:45,685] DEBUG [Partition state machine on Controller 0]: Initializing leader and isr for partition [__consumer_offsets,29] to (Leader:0,ISR:0,LeaderEpoch:0,ControllerEpoch:1) (kafka.controller.PartitionStateMachine)
[2016-12-25 21:02:45,693] DEBUG [Partition state machine on Controller 0]: Live assigned replicas for partition [__consumer_offsets,35] are: [List(0)] (kafka.controller.PartitionStateMachine)
[2016-12-25 21:02:45,693] DEBUG [Partition state machine on Controller 0]: Initializing leader and isr for partition [__consumer_offsets,35] to (Leader:0,ISR:0,LeaderEpoch:0,ControllerEpoch:1) (kafka.controller.PartitionStateMachine)
[2016-12-25 21:02:45,707] DEBUG [Partition state machine on Controller 0]: Live assigned replicas for partition [__consumer_offsets,3] are: [List(0)] (kafka.controller.PartitionStateMachine)
[2016-12-25 21:02:45,707] DEBUG [Partition state machine on Controller 0]: Initializing leader and isr for partition [__consumer_offsets,3] to (Leader:0,ISR:0,LeaderEpoch:0,ControllerEpoch:1) (kafka.controller.PartitionStateMachine)
[2016-12-25 21:02:45,734] DEBUG [Partition state machine on Controller 0]: Live assigned replicas for partition [__consumer_offsets,24] are: [List(0)] (kafka.controller.PartitionStateMachine)
[2016-12-25 21:02:45,734] DEBUG [Partition state machine on Controller 0]: Initializing leader and isr for partition [__consumer_offsets,24] to (Leader:0,ISR:0,LeaderEpoch:0,ControllerEpoch:1) (kafka.controller.PartitionStateMachine)
[2016-12-25 21:02:45,749] DEBUG [Partition state machine on Controller 0]: Live assigned replicas for partition [__consumer_offsets,41] are: [List(0)] (kafka.controller.PartitionStateMachine)
[2016-12-25 21:02:45,749] DEBUG [Partition state machine on Controller 0]: Initializing leader and isr for partition [__consumer_offsets,41] to (Leader:0,ISR:0,LeaderEpoch:0,ControllerEpoch:1) (kafka.controller.PartitionStateMachine)
[2016-12-25 21:02:45,782] DEBUG [Partition state machine on Controller 0]: Live assigned replicas for partition [__consumer_offsets,0] are: [List(0)] (kafka.controller.PartitionStateMachine)
[2016-12-25 21:02:45,782] DEBUG [Partition state machine on Controller 0]: Initializing leader and isr for partition [__consumer_offsets,0] to (Leader:0,ISR:0,LeaderEpoch:0,ControllerEpoch:1) (kafka.controller.PartitionStateMachine)
[2016-12-25 21:02:45,792] DEBUG [Partition state machine on Controller 0]: Live assigned replicas for partition [__consumer_offsets,38] are: [List(0)] (kafka.controller.PartitionStateMachine)
[2016-12-25 21:02:45,792] DEBUG [Partition state machine on Controller 0]: Initializing leader and isr for partition [__consumer_offsets,38] to (Leader:0,ISR:0,LeaderEpoch:0,ControllerEpoch:1) (kafka.controller.PartitionStateMachine)
[2016-12-25 21:02:45,816] DEBUG [Partition state machine on Controller 0]: Live assigned replicas for partition [__consumer_offsets,13] are: [List(0)] (kafka.controller.PartitionStateMachine)
[2016-12-25 21:02:45,816] DEBUG [Partition state machine on Controller 0]: Initializing leader and isr for partition [__consumer_offsets,13] to (Leader:0,ISR:0,LeaderEpoch:0,ControllerEpoch:1) (kafka.controller.PartitionStateMachine)
[2016-12-25 21:02:45,826] DEBUG [Partition state machine on Controller 0]: Live assigned replicas for partition [__consumer_offsets,8] are: [List(0)] (kafka.controller.PartitionStateMachine)
[2016-12-25 21:02:45,826] DEBUG [Partition state machine on Controller 0]: Initializing leader and isr for partition [__consumer_offsets,8] to (Leader:0,ISR:0,LeaderEpoch:0,ControllerEpoch:1) (kafka.controller.PartitionStateMachine)
[2016-12-25 21:02:45,836] DEBUG [Partition state machine on Controller 0]: Live assigned replicas for partition [__consumer_offsets,5] are: [List(0)] (kafka.controller.PartitionStateMachine)
[2016-12-25 21:02:45,836] DEBUG [Partition state machine on Controller 0]: Initializing leader and isr for partition [__consumer_offsets,5] to (Leader:0,ISR:0,LeaderEpoch:0,ControllerEpoch:1) (kafka.controller.PartitionStateMachine)
[2016-12-25 21:02:45,844] DEBUG [Partition state machine on Controller 0]: Live assigned replicas for partition [__consumer_offsets,39] are: [List(0)] (kafka.controller.PartitionStateMachine)
[2016-12-25 21:02:45,844] DEBUG [Partition state machine on Controller 0]: Initializing leader and isr for partition [__consumer_offsets,39] to (Leader:0,ISR:0,LeaderEpoch:0,ControllerEpoch:1) (kafka.controller.PartitionStateMachine)
[2016-12-25 21:02:45,850] DEBUG [Partition state machine on Controller 0]: Live assigned replicas for partition [__consumer_offsets,36] are: [List(0)] (kafka.controller.PartitionStateMachine)
[2016-12-25 21:02:45,850] DEBUG [Partition state machine on Controller 0]: Initializing leader and isr for partition [__consumer_offsets,36] to (Leader:0,ISR:0,LeaderEpoch:0,ControllerEpoch:1) (kafka.controller.PartitionStateMachine)
[2016-12-25 21:02:45,854] DEBUG [Partition state machine on Controller 0]: Live assigned replicas for partition [__consumer_offsets,40] are: [List(0)] (kafka.controller.PartitionStateMachine)
[2016-12-25 21:02:45,854] DEBUG [Partition state machine on Controller 0]: Initializing leader and isr for partition [__consumer_offsets,40] to (Leader:0,ISR:0,LeaderEpoch:0,ControllerEpoch:1) (kafka.controller.PartitionStateMachine)
[2016-12-25 21:02:45,866] DEBUG [Partition state machine on Controller 0]: Live assigned replicas for partition [__consumer_offsets,45] are: [List(0)] (kafka.controller.PartitionStateMachine)
[2016-12-25 21:02:45,866] DEBUG [Partition state machine on Controller 0]: Initializing leader and isr for partition [__consumer_offsets,45] to (Leader:0,ISR:0,LeaderEpoch:0,ControllerEpoch:1) (kafka.controller.PartitionStateMachine)
[2016-12-25 21:02:45,878] DEBUG [Partition state machine on Controller 0]: Live assigned replicas for partition [__consumer_offsets,15] are: [List(0)] (kafka.controller.PartitionStateMachine)
[2016-12-25 21:02:45,878] DEBUG [Partition state machine on Controller 0]: Initializing leader and isr for partition [__consumer_offsets,15] to (Leader:0,ISR:0,LeaderEpoch:0,ControllerEpoch:1) (kafka.controller.PartitionStateMachine)
[2016-12-25 21:02:45,886] DEBUG [Partition state machine on Controller 0]: Live assigned replicas for partition [__consumer_offsets,33] are: [List(0)] (kafka.controller.PartitionStateMachine)
[2016-12-25 21:02:45,886] DEBUG [Partition state machine on Controller 0]: Initializing leader and isr for partition [__consumer_offsets,33] to (Leader:0,ISR:0,LeaderEpoch:0,ControllerEpoch:1) (kafka.controller.PartitionStateMachine)
[2016-12-25 21:02:45,899] DEBUG [Partition state machine on Controller 0]: Live assigned replicas for partition [__consumer_offsets,37] are: [List(0)] (kafka.controller.PartitionStateMachine)
[2016-12-25 21:02:45,899] DEBUG [Partition state machine on Controller 0]: Initializing leader and isr for partition [__consumer_offsets,37] to (Leader:0,ISR:0,LeaderEpoch:0,ControllerEpoch:1) (kafka.controller.PartitionStateMachine)
[2016-12-25 21:02:45,904] DEBUG [Partition state machine on Controller 0]: Live assigned replicas for partition [__consumer_offsets,21] are: [List(0)] (kafka.controller.PartitionStateMachine)
[2016-12-25 21:02:45,904] DEBUG [Partition state machine on Controller 0]: Initializing leader and isr for partition [__consumer_offsets,21] to (Leader:0,ISR:0,LeaderEpoch:0,ControllerEpoch:1) (kafka.controller.PartitionStateMachine)
[2016-12-25 21:02:45,919] DEBUG [Partition state machine on Controller 0]: Live assigned replicas for partition [__consumer_offsets,6] are: [List(0)] (kafka.controller.PartitionStateMachine)
[2016-12-25 21:02:45,919] DEBUG [Partition state machine on Controller 0]: Initializing leader and isr for partition [__consumer_offsets,6] to (Leader:0,ISR:0,LeaderEpoch:0,ControllerEpoch:1) (kafka.controller.PartitionStateMachine)
[2016-12-25 21:02:45,930] DEBUG [Partition state machine on Controller 0]: Live assigned replicas for partition [__consumer_offsets,11] are: [List(0)] (kafka.controller.PartitionStateMachine)
[2016-12-25 21:02:45,930] DEBUG [Partition state machine on Controller 0]: Initializing leader and isr for partition [__consumer_offsets,11] to (Leader:0,ISR:0,LeaderEpoch:0,ControllerEpoch:1) (kafka.controller.PartitionStateMachine)
[2016-12-25 21:02:45,937] DEBUG [Partition state machine on Controller 0]: Live assigned replicas for partition [__consumer_offsets,20] are: [List(0)] (kafka.controller.PartitionStateMachine)
[2016-12-25 21:02:45,937] DEBUG [Partition state machine on Controller 0]: Initializing leader and isr for partition [__consumer_offsets,20] to (Leader:0,ISR:0,LeaderEpoch:0,ControllerEpoch:1) (kafka.controller.PartitionStateMachine)
[2016-12-25 21:02:45,944] DEBUG [Partition state machine on Controller 0]: Live assigned replicas for partition [__consumer_offsets,47] are: [List(0)] (kafka.controller.PartitionStateMachine)
[2016-12-25 21:02:45,944] DEBUG [Partition state machine on Controller 0]: Initializing leader and isr for partition [__consumer_offsets,47] to (Leader:0,ISR:0,LeaderEpoch:0,ControllerEpoch:1) (kafka.controller.PartitionStateMachine)
[2016-12-25 21:02:45,951] DEBUG [Partition state machine on Controller 0]: Live assigned replicas for partition [__consumer_offsets,2] are: [List(0)] (kafka.controller.PartitionStateMachine)
[2016-12-25 21:02:45,951] DEBUG [Partition state machine on Controller 0]: Initializing leader and isr for partition [__consumer_offsets,2] to (Leader:0,ISR:0,LeaderEpoch:0,ControllerEpoch:1) (kafka.controller.PartitionStateMachine)
[2016-12-25 21:02:45,974] DEBUG [Partition state machine on Controller 0]: Live assigned replicas for partition [__consumer_offsets,27] are: [List(0)] (kafka.controller.PartitionStateMachine)
[2016-12-25 21:02:45,974] DEBUG [Partition state machine on Controller 0]: Initializing leader and isr for partition [__consumer_offsets,27] to (Leader:0,ISR:0,LeaderEpoch:0,ControllerEpoch:1) (kafka.controller.PartitionStateMachine)
[2016-12-25 21:02:45,989] DEBUG [Partition state machine on Controller 0]: Live assigned replicas for partition [__consumer_offsets,34] are: [List(0)] (kafka.controller.PartitionStateMachine)
[2016-12-25 21:02:45,989] DEBUG [Partition state machine on Controller 0]: Initializing leader and isr for partition [__consumer_offsets,34] to (Leader:0,ISR:0,LeaderEpoch:0,ControllerEpoch:1) (kafka.controller.PartitionStateMachine)
[2016-12-25 21:02:45,998] DEBUG [Partition state machine on Controller 0]: Live assigned replicas for partition [__consumer_offsets,9] are: [List(0)] (kafka.controller.PartitionStateMachine)
[2016-12-25 21:02:45,998] DEBUG [Partition state machine on Controller 0]: Initializing leader and isr for partition [__consumer_offsets,9] to (Leader:0,ISR:0,LeaderEpoch:0,ControllerEpoch:1) (kafka.controller.PartitionStateMachine)
[2016-12-25 21:02:46,006] DEBUG [Partition state machine on Controller 0]: Live assigned replicas for partition [__consumer_offsets,22] are: [List(0)] (kafka.controller.PartitionStateMachine)
[2016-12-25 21:02:46,006] DEBUG [Partition state machine on Controller 0]: Initializing leader and isr for partition [__consumer_offsets,22] to (Leader:0,ISR:0,LeaderEpoch:0,ControllerEpoch:1) (kafka.controller.PartitionStateMachine)
[2016-12-25 21:02:46,023] DEBUG [Partition state machine on Controller 0]: Live assigned replicas for partition [__consumer_offsets,42] are: [List(0)] (kafka.controller.PartitionStateMachine)
[2016-12-25 21:02:46,023] DEBUG [Partition state machine on Controller 0]: Initializing leader and isr for partition [__consumer_offsets,42] to (Leader:0,ISR:0,LeaderEpoch:0,ControllerEpoch:1) (kafka.controller.PartitionStateMachine)
[2016-12-25 21:02:46,036] DEBUG [Partition state machine on Controller 0]: Live assigned replicas for partition [__consumer_offsets,14] are: [List(0)] (kafka.controller.PartitionStateMachine)
[2016-12-25 21:02:46,036] DEBUG [Partition state machine on Controller 0]: Initializing leader and isr for partition [__consumer_offsets,14] to (Leader:0,ISR:0,LeaderEpoch:0,ControllerEpoch:1) (kafka.controller.PartitionStateMachine)
[2016-12-25 21:02:46,046] DEBUG [Partition state machine on Controller 0]: Live assigned replicas for partition [__consumer_offsets,25] are: [List(0)] (kafka.controller.PartitionStateMachine)
[2016-12-25 21:02:46,046] DEBUG [Partition state machine on Controller 0]: Initializing leader and isr for partition [__consumer_offsets,25] to (Leader:0,ISR:0,LeaderEpoch:0,ControllerEpoch:1) (kafka.controller.PartitionStateMachine)
[2016-12-25 21:02:46,052] DEBUG [Partition state machine on Controller 0]: Live assigned replicas for partition [__consumer_offsets,10] are: [List(0)] (kafka.controller.PartitionStateMachine)
[2016-12-25 21:02:46,052] DEBUG [Partition state machine on Controller 0]: Initializing leader and isr for partition [__consumer_offsets,10] to (Leader:0,ISR:0,LeaderEpoch:0,ControllerEpoch:1) (kafka.controller.PartitionStateMachine)
[2016-12-25 21:02:46,059] DEBUG [Partition state machine on Controller 0]: Live assigned replicas for partition [__consumer_offsets,48] are: [List(0)] (kafka.controller.PartitionStateMachine)
[2016-12-25 21:02:46,059] DEBUG [Partition state machine on Controller 0]: Initializing leader and isr for partition [__consumer_offsets,48] to (Leader:0,ISR:0,LeaderEpoch:0,ControllerEpoch:1) (kafka.controller.PartitionStateMachine)
[2016-12-25 21:02:46,064] DEBUG [Partition state machine on Controller 0]: Live assigned replicas for partition [__consumer_offsets,31] are: [List(0)] (kafka.controller.PartitionStateMachine)
[2016-12-25 21:02:46,064] DEBUG [Partition state machine on Controller 0]: Initializing leader and isr for partition [__consumer_offsets,31] to (Leader:0,ISR:0,LeaderEpoch:0,ControllerEpoch:1) (kafka.controller.PartitionStateMachine)
[2016-12-25 21:02:46,072] DEBUG [Partition state machine on Controller 0]: Live assigned replicas for partition [__consumer_offsets,18] are: [List(0)] (kafka.controller.PartitionStateMachine)
[2016-12-25 21:02:46,072] DEBUG [Partition state machine on Controller 0]: Initializing leader and isr for partition [__consumer_offsets,18] to (Leader:0,ISR:0,LeaderEpoch:0,ControllerEpoch:1) (kafka.controller.PartitionStateMachine)
[2016-12-25 21:02:46,097] DEBUG [Partition state machine on Controller 0]: Live assigned replicas for partition [__consumer_offsets,19] are: [List(0)] (kafka.controller.PartitionStateMachine)
[2016-12-25 21:02:46,097] DEBUG [Partition state machine on Controller 0]: Initializing leader and isr for partition [__consumer_offsets,19] to (Leader:0,ISR:0,LeaderEpoch:0,ControllerEpoch:1) (kafka.controller.PartitionStateMachine)
[2016-12-25 21:02:46,121] DEBUG [Partition state machine on Controller 0]: Live assigned replicas for partition [__consumer_offsets,12] are: [List(0)] (kafka.controller.PartitionStateMachine)
[2016-12-25 21:02:46,121] DEBUG [Partition state machine on Controller 0]: Initializing leader and isr for partition [__consumer_offsets,12] to (Leader:0,ISR:0,LeaderEpoch:0,ControllerEpoch:1) (kafka.controller.PartitionStateMachine)
[2016-12-25 21:02:46,131] DEBUG [Partition state machine on Controller 0]: Live assigned replicas for partition [__consumer_offsets,46] are: [List(0)] (kafka.controller.PartitionStateMachine)
[2016-12-25 21:02:46,131] DEBUG [Partition state machine on Controller 0]: Initializing leader and isr for partition [__consumer_offsets,46] to (Leader:0,ISR:0,LeaderEpoch:0,ControllerEpoch:1) (kafka.controller.PartitionStateMachine)
[2016-12-25 21:02:46,147] DEBUG [Partition state machine on Controller 0]: Live assigned replicas for partition [__consumer_offsets,43] are: [List(0)] (kafka.controller.PartitionStateMachine)
[2016-12-25 21:02:46,147] DEBUG [Partition state machine on Controller 0]: Initializing leader and isr for partition [__consumer_offsets,43] to (Leader:0,ISR:0,LeaderEpoch:0,ControllerEpoch:1) (kafka.controller.PartitionStateMachine)
[2016-12-25 21:02:46,154] DEBUG [Partition state machine on Controller 0]: Live assigned replicas for partition [__consumer_offsets,1] are: [List(0)] (kafka.controller.PartitionStateMachine)
[2016-12-25 21:02:46,154] DEBUG [Partition state machine on Controller 0]: Initializing leader and isr for partition [__consumer_offsets,1] to (Leader:0,ISR:0,LeaderEpoch:0,ControllerEpoch:1) (kafka.controller.PartitionStateMachine)
[2016-12-25 21:02:46,162] DEBUG [Partition state machine on Controller 0]: Live assigned replicas for partition [__consumer_offsets,26] are: [List(0)] (kafka.controller.PartitionStateMachine)
[2016-12-25 21:02:46,162] DEBUG [Partition state machine on Controller 0]: Initializing leader and isr for partition [__consumer_offsets,26] to (Leader:0,ISR:0,LeaderEpoch:0,ControllerEpoch:1) (kafka.controller.PartitionStateMachine)
[2016-12-25 21:02:46,177] DEBUG [Partition state machine on Controller 0]: Live assigned replicas for partition [__consumer_offsets,30] are: [List(0)] (kafka.controller.PartitionStateMachine)
[2016-12-25 21:02:46,177] DEBUG [Partition state machine on Controller 0]: Initializing leader and isr for partition [__consumer_offsets,30] to (Leader:0,ISR:0,LeaderEpoch:0,ControllerEpoch:1) (kafka.controller.PartitionStateMachine)
[2016-12-25 21:02:46,236] INFO [Replica state machine on controller 0]: Invoking state change to OnlineReplica for replicas [Topic=__consumer_offsets,Partition=25,Replica=0],[Topic=__consumer_offsets,Partition=12,Replica=0],[Topic=__consumer_offsets,Partition=31,Replica=0],[Topic=__consumer_offsets,Partition=40,Replica=0],[Topic=__consumer_offsets,Partition=35,Replica=0],[Topic=__consumer_offsets,Partition=9,Replica=0],[Topic=__consumer_offsets,Partition=43,Replica=0],[Topic=__consumer_offsets,Partition=2,Replica=0],[Topic=__consumer_offsets,Partition=11,Replica=0],[Topic=__consumer_offsets,Partition=29,Replica=0],[Topic=__consumer_offsets,Partition=30,Replica=0],[Topic=__consumer_offsets,Partition=4,Replica=0],[Topic=__consumer_offsets,Partition=42,Replica=0],[Topic=__consumer_offsets,Partition=26,Replica=0],[Topic=__consumer_offsets,Partition=34,Replica=0],[Topic=__consumer_offsets,Partition=17,Replica=0],[Topic=__consumer_offsets,Partition=37,Replica=0],[Topic=__consumer_offsets,Partition=27,Replica=0],[Topic=__consumer_offsets,Partition=10,Replica=0],[Topic=__consumer_offsets,Partition=41,Replica=0],[Topic=__consumer_offsets,Partition=20,Replica=0],[Topic=__consumer_offsets,Partition=28,Replica=0],[Topic=__consumer_offsets,Partition=46,Replica=0],[Topic=__consumer_offsets,Partition=39,Replica=0],[Topic=__consumer_offsets,Partition=47,Replica=0],[Topic=__consumer_offsets,Partition=49,Replica=0],[Topic=__consumer_offsets,Partition=22,Replica=0],[Topic=__consumer_offsets,Partition=1,Replica=0],[Topic=__consumer_offsets,Partition=24,Replica=0],[Topic=__consumer_offsets,Partition=6,Replica=0],[Topic=__consumer_offsets,Partition=36,Replica=0],[Topic=__consumer_offsets,Partition=8,Replica=0],[Topic=__consumer_offsets,Partition=38,Replica=0],[Topic=__consumer_offsets,Partition=16,Replica=0],[Topic=__consumer_offsets,Partition=21,Replica=0],[Topic=__consumer_offsets,Partition=18,Replica=0],[Topic=__consumer_offsets,Partition=0,Replica=0],[Topic=__consumer_offsets,Partition=48,Replica=0],[Topic=__consumer_offsets,Partition=5,Replica=0],[Topic=__consumer_offsets,Partition=13,Replica=0],[Topic=__consumer_offsets,Partition=3,Replica=0],[Topic=__consumer_offsets,Partition=44,Replica=0],[Topic=__consumer_offsets,Partition=15,Replica=0],[Topic=__consumer_offsets,Partition=7,Replica=0],[Topic=__consumer_offsets,Partition=19,Replica=0],[Topic=__consumer_offsets,Partition=33,Replica=0],[Topic=__consumer_offsets,Partition=45,Replica=0],[Topic=__consumer_offsets,Partition=23,Replica=0],[Topic=__consumer_offsets,Partition=32,Replica=0],[Topic=__consumer_offsets,Partition=14,Replica=0] (kafka.controller.ReplicaStateMachine)
[2016-12-25 21:04:27,439] INFO [Controller 0]: Shutting down broker 0 (kafka.controller.KafkaController)
[2016-12-25 21:04:27,440] DEBUG [Controller 0]: All shutting down brokers: 0 (kafka.controller.KafkaController)
[2016-12-25 21:04:27,440] DEBUG [Controller 0]: Live brokers:  (kafka.controller.KafkaController)
[2016-12-25 21:04:27,447] TRACE [Controller 0]: All leaders = [__consumer_offsets,19] -> (Leader:0,ISR:0,LeaderEpoch:0,ControllerEpoch:1),[__consumer_offsets,30] -> (Leader:0,ISR:0,LeaderEpoch:0,ControllerEpoch:1),[__consumer_offsets,47] -> (Leader:0,ISR:0,LeaderEpoch:0,ControllerEpoch:1),[winagg5657,0] -> (Leader:0,ISR:0,LeaderEpoch:0,ControllerEpoch:1),[__consumer_offsets,29] -> (Leader:0,ISR:0,LeaderEpoch:0,ControllerEpoch:1),[__consumer_offsets,41] -> (Leader:0,ISR:0,LeaderEpoch:0,ControllerEpoch:1),[win,0] -> (Leader:0,ISR:0,LeaderEpoch:0,ControllerEpoch:1),[__consumer_offsets,39] -> (Leader:0,ISR:0,LeaderEpoch:0,ControllerEpoch:1),[__consumer_offsets,17] -> (Leader:0,ISR:0,LeaderEpoch:0,ControllerEpoch:1),[__consumer_offsets,10] -> (Leader:0,ISR:0,LeaderEpoch:0,ControllerEpoch:1),[__consumer_offsets,14] -> (Leader:0,ISR:0,LeaderEpoch:0,ControllerEpoch:1),[__consumer_offsets,40] -> (Leader:0,ISR:0,LeaderEpoch:0,ControllerEpoch:1),[__consumer_offsets,18] -> (Leader:0,ISR:0,LeaderEpoch:0,ControllerEpoch:1),[__consumer_offsets,26] -> (Leader:0,ISR:0,LeaderEpoch:0,ControllerEpoch:1),[__consumer_offsets,0] -> (Leader:0,ISR:0,LeaderEpoch:0,ControllerEpoch:1),[__consumer_offsets,24] -> (Leader:0,ISR:0,LeaderEpoch:0,ControllerEpoch:1),[__consumer_offsets,33] -> (Leader:0,ISR:0,LeaderEpoch:0,ControllerEpoch:1),[__consumer_offsets,20] -> (Leader:0,ISR:0,LeaderEpoch:0,ControllerEpoch:1),[__consumer_offsets,3] -> (Leader:0,ISR:0,LeaderEpoch:0,ControllerEpoch:1),[__consumer_offsets,21] -> (Leader:0,ISR:0,LeaderEpoch:0,ControllerEpoch:1),[__consumer_offsets,5] -> (Leader:0,ISR:0,LeaderEpoch:0,ControllerEpoch:1),[__consumer_offsets,22] -> (Leader:0,ISR:0,LeaderEpoch:0,ControllerEpoch:1),[__consumer_offsets,12] -> (Leader:0,ISR:0,LeaderEpoch:0,ControllerEpoch:1),[__consumer_offsets,8] -> (Leader:0,ISR:0,LeaderEpoch:0,ControllerEpoch:1),[__consumer_offsets,23] -> (Leader:0,ISR:0,LeaderEpoch:0,ControllerEpoch:1),[__consumer_offsets,15] -> (Leader:0,ISR:0,LeaderEpoch:0,ControllerEpoch:1),[__consumer_offsets,11] -> (Leader:0,ISR:0,LeaderEpoch:0,ControllerEpoch:1),[__consumer_offsets,48] -> (Leader:0,ISR:0,LeaderEpoch:0,ControllerEpoch:1),[__consumer_offsets,13] -> (Leader:0,ISR:0,LeaderEpoch:0,ControllerEpoch:1),[__consumer_offsets,49] -> (Leader:0,ISR:0,LeaderEpoch:0,ControllerEpoch:1),[__consumer_offsets,6] -> (Leader:0,ISR:0,LeaderEpoch:0,ControllerEpoch:1),[__consumer_offsets,28] -> (Leader:0,ISR:0,LeaderEpoch:0,ControllerEpoch:1),[__consumer_offsets,4] -> (Leader:0,ISR:0,LeaderEpoch:0,ControllerEpoch:1),[__consumer_offsets,37] -> (Leader:0,ISR:0,LeaderEpoch:0,ControllerEpoch:1),[__consumer_offsets,31] -> (Leader:0,ISR:0,LeaderEpoch:0,ControllerEpoch:1),[__consumer_offsets,44] -> (Leader:0,ISR:0,LeaderEpoch:0,ControllerEpoch:1),[__consumer_offsets,42] -> (Leader:0,ISR:0,LeaderEpoch:0,ControllerEpoch:1),[__consumer_offsets,34] -> (Leader:0,ISR:0,LeaderEpoch:0,ControllerEpoch:1),[__consumer_offsets,46] -> (Leader:0,ISR:0,LeaderEpoch:0,ControllerEpoch:1),[__consumer_offsets,25] -> (Leader:0,ISR:0,LeaderEpoch:0,ControllerEpoch:1),[__consumer_offsets,45] -> (Leader:0,ISR:0,LeaderEpoch:0,ControllerEpoch:1),[__consumer_offsets,27] -> (Leader:0,ISR:0,LeaderEpoch:0,ControllerEpoch:1),[__consumer_offsets,32] -> (Leader:0,ISR:0,LeaderEpoch:0,ControllerEpoch:1),[__consumer_offsets,43] -> (Leader:0,ISR:0,LeaderEpoch:0,ControllerEpoch:1),[__consumer_offsets,36] -> (Leader:0,ISR:0,LeaderEpoch:0,ControllerEpoch:1),[__consumer_offsets,35] -> (Leader:0,ISR:0,LeaderEpoch:0,ControllerEpoch:1),[__consumer_offsets,7] -> (Leader:0,ISR:0,LeaderEpoch:0,ControllerEpoch:1),[__consumer_offsets,38] -> (Leader:0,ISR:0,LeaderEpoch:0,ControllerEpoch:1),[__consumer_offsets,9] -> (Leader:0,ISR:0,LeaderEpoch:0,ControllerEpoch:1),[winagg,0] -> (Leader:0,ISR:0,LeaderEpoch:0,ControllerEpoch:1),[__consumer_offsets,1] -> (Leader:0,ISR:0,LeaderEpoch:0,ControllerEpoch:1),[__consumer_offsets,16] -> (Leader:0,ISR:0,LeaderEpoch:0,ControllerEpoch:1),[__consumer_offsets,2] -> (Leader:0,ISR:0,LeaderEpoch:0,ControllerEpoch:1) (kafka.controller.KafkaController)
[2016-12-25 21:04:28,823] DEBUG [Controller 0]: Controller resigning, broker id 0 (kafka.controller.KafkaController)
[2016-12-25 21:04:28,823] DEBUG [Controller 0]: De-registering IsrChangeNotificationListener (kafka.controller.KafkaController)
[2016-12-25 21:04:28,824] INFO [Partition state machine on Controller 0]: Stopped partition state machine (kafka.controller.PartitionStateMachine)
[2016-12-25 21:04:28,824] INFO [Replica state machine on controller 0]: Stopped replica state machine (kafka.controller.ReplicaStateMachine)
[2016-12-25 21:04:28,828] INFO [Controller-0-to-broker-0-send-thread], Shutting down (kafka.controller.RequestSendThread)
[2016-12-25 21:04:28,828] INFO [Controller-0-to-broker-0-send-thread], Stopped  (kafka.controller.RequestSendThread)
[2016-12-25 21:04:28,828] INFO [Controller-0-to-broker-0-send-thread], Shutdown completed (kafka.controller.RequestSendThread)
[2016-12-25 21:04:28,829] INFO [Controller 0]: Broker 0 resigned as the controller (kafka.controller.KafkaController)
