[2017-01-02 15:00:07,909] INFO [Group Metadata Manager on Broker 0]: Removed 0 expired offsets in 0 milliseconds. (kafka.coordinator.GroupMetadataManager)
[2017-01-02 15:00:11,867] INFO Rolled new log segment for 'spark-winagg551-0' in 0 ms. (kafka.log.Log)
[2017-01-02 15:01:21,783] INFO Rolled new log segment for 'spark-winagg551-0' in 0 ms. (kafka.log.Log)
[2017-01-02 15:02:32,131] INFO Rolled new log segment for 'spark-winagg551-0' in 3 ms. (kafka.log.Log)
[2017-01-02 15:02:51,492] INFO [Kafka Server 0], shutting down (kafka.server.KafkaServer)
[2017-01-02 15:02:51,513] INFO [Kafka Server 0], Starting controlled shutdown (kafka.server.KafkaServer)
[2017-01-02 15:02:51,633] INFO [Kafka Server 0], Controlled shutdown succeeded (kafka.server.KafkaServer)
[2017-01-02 15:02:51,643] INFO [Socket Server on Broker 0], Shutting down (kafka.network.SocketServer)
[2017-01-02 15:02:51,682] INFO [Socket Server on Broker 0], Shutdown completed (kafka.network.SocketServer)
[2017-01-02 15:02:51,686] INFO [Kafka Request Handler on Broker 0], shutting down (kafka.server.KafkaRequestHandlerPool)
[2017-01-02 15:02:51,695] INFO [Kafka Request Handler on Broker 0], shut down completely (kafka.server.KafkaRequestHandlerPool)
[2017-01-02 15:02:51,698] INFO [ThrottledRequestReaper-Produce], Shutting down (kafka.server.ClientQuotaManager$ThrottledRequestReaper)
[2017-01-02 15:02:52,179] INFO [ThrottledRequestReaper-Produce], Stopped  (kafka.server.ClientQuotaManager$ThrottledRequestReaper)
[2017-01-02 15:02:52,179] INFO [ThrottledRequestReaper-Produce], Shutdown completed (kafka.server.ClientQuotaManager$ThrottledRequestReaper)
[2017-01-02 15:02:52,180] INFO [ThrottledRequestReaper-Fetch], Shutting down (kafka.server.ClientQuotaManager$ThrottledRequestReaper)
[2017-01-02 15:02:52,187] INFO [ThrottledRequestReaper-Fetch], Stopped  (kafka.server.ClientQuotaManager$ThrottledRequestReaper)
[2017-01-02 15:02:52,187] INFO [ThrottledRequestReaper-Fetch], Shutdown completed (kafka.server.ClientQuotaManager$ThrottledRequestReaper)
[2017-01-02 15:02:52,188] INFO [KafkaApi-0] Shutdown complete. (kafka.server.KafkaApis)
[2017-01-02 15:02:52,189] INFO [Replica Manager on Broker 0]: Shutting down (kafka.server.ReplicaManager)
[2017-01-02 15:02:52,189] INFO [ReplicaFetcherManager on broker 0] shutting down (kafka.server.ReplicaFetcherManager)
[2017-01-02 15:02:52,191] INFO [ReplicaFetcherManager on broker 0] shutdown completed (kafka.server.ReplicaFetcherManager)
[2017-01-02 15:02:52,192] INFO [ExpirationReaper-0], Shutting down (kafka.server.DelayedOperationPurgatory$ExpiredOperationReaper)
[2017-01-02 15:02:52,198] INFO [ExpirationReaper-0], Stopped  (kafka.server.DelayedOperationPurgatory$ExpiredOperationReaper)
[2017-01-02 15:02:52,198] INFO [ExpirationReaper-0], Shutdown completed (kafka.server.DelayedOperationPurgatory$ExpiredOperationReaper)
[2017-01-02 15:02:52,198] INFO [ExpirationReaper-0], Shutting down (kafka.server.DelayedOperationPurgatory$ExpiredOperationReaper)
[2017-01-02 15:02:52,227] INFO [ExpirationReaper-0], Stopped  (kafka.server.DelayedOperationPurgatory$ExpiredOperationReaper)
[2017-01-02 15:02:52,227] INFO [ExpirationReaper-0], Shutdown completed (kafka.server.DelayedOperationPurgatory$ExpiredOperationReaper)
[2017-01-02 15:02:52,230] INFO [Replica Manager on Broker 0]: Shut down completely (kafka.server.ReplicaManager)
[2017-01-02 15:02:52,231] INFO Shutting down. (kafka.log.LogManager)
[2017-01-02 15:02:52,300] INFO Shutdown complete. (kafka.log.LogManager)
[2017-01-02 15:02:52,300] INFO [GroupCoordinator 0]: Shutting down. (kafka.coordinator.GroupCoordinator)
[2017-01-02 15:02:52,301] INFO [ExpirationReaper-0], Shutting down (kafka.server.DelayedOperationPurgatory$ExpiredOperationReaper)
[2017-01-02 15:02:52,364] INFO [ExpirationReaper-0], Stopped  (kafka.server.DelayedOperationPurgatory$ExpiredOperationReaper)
[2017-01-02 15:02:52,364] INFO [ExpirationReaper-0], Shutdown completed (kafka.server.DelayedOperationPurgatory$ExpiredOperationReaper)
[2017-01-02 15:02:52,364] INFO [ExpirationReaper-0], Shutting down (kafka.server.DelayedOperationPurgatory$ExpiredOperationReaper)
[2017-01-02 15:02:52,428] INFO [ExpirationReaper-0], Stopped  (kafka.server.DelayedOperationPurgatory$ExpiredOperationReaper)
[2017-01-02 15:02:52,428] INFO [ExpirationReaper-0], Shutdown completed (kafka.server.DelayedOperationPurgatory$ExpiredOperationReaper)
[2017-01-02 15:02:52,429] INFO [GroupCoordinator 0]: Shutdown complete. (kafka.coordinator.GroupCoordinator)
[2017-01-02 15:02:52,464] INFO [Kafka Server 0], shut down completed (kafka.server.KafkaServer)
