OpenJDK 64-Bit Server VM (25.111-b14) for linux-amd64 JRE (1.8.0_111-8u111-b14-2ubuntu0.16.10.2-b14), built on Oct 27 2016 14:16:18 by "buildd" with gcc 6.2.0 20161005
Memory: 4k page, physical 4046308k(2904120k free), swap 4193276k(4193276k free)
CommandLine flags: -XX:+DisableExplicitGC -XX:InitialHeapSize=536870912 -XX:InitiatingHeapOccupancyPercent=35 -XX:+ManagementServer -XX:MaxGCPauseMillis=20 -XX:MaxHeapSize=536870912 -XX:+PrintGC -XX:+PrintGCDateStamps -XX:+PrintGCDetails -XX:+PrintGCTimeStamps -XX:+UseCompressedClassPointers -XX:+UseCompressedOops -XX:+UseG1GC 
2016-12-31T13:17:12.196+0100: 3497,265: [GC pause (G1 Evacuation Pause) (young), 0,1263687 secs]
   [Parallel Time: 33,6 ms, GC Workers: 1]
      [GC Worker Start (ms):  3497351,1]
      [Ext Root Scanning (ms):  26,0]
      [Update RS (ms):  0,3]
         [Processed Buffers:  0]
      [Scan RS (ms):  0,0]
      [Code Root Scanning (ms):  3,1]
      [Object Copy (ms):  3,6]
      [Termination (ms):  0,0]
         [Termination Attempts:  1]
      [GC Worker Other (ms):  0,2]
      [GC Worker Total (ms):  33,3]
      [GC Worker End (ms):  3497384,4]
   [Code Root Fixup: 0,1 ms]
   [Code Root Purge: 2,7 ms]
   [Clear CT: 0,0 ms]
   [Other: 89,9 ms]
      [Choose CSet: 0,0 ms]
      [Ref Proc: 0,3 ms]
      [Ref Enq: 0,0 ms]
      [Redirty Cards: 0,0 ms]
      [Humongous Register: 85,4 ms]
      [Humongous Reclaim: 0,0 ms]
      [Free CSet: 2,7 ms]
   [Eden: 25,0M(25,0M)->0,0B(21,0M) Survivors: 0,0B->4096,0K Heap: 25,0M(512,0M)->3603,4K(512,0M)]
 [Times: user=0,02 sys=0,00, real=0,12 secs] 
Heap
 garbage-first heap   total 524288K, used 12819K [0x00000000e0000000, 0x00000000e0101000, 0x0000000100000000)
  region size 1024K, 14 young (14336K), 4 survivors (4096K)
 Metaspace       used 10360K, capacity 10592K, committed 10752K, reserved 1058816K
  class space    used 1157K, capacity 1252K, committed 1280K, reserved 1048576K
